#
# A fatal error has been detected by the Java Runtime Environment:
#
#  EXCEPTION_ACCESS_VIOLATION (0xc0000005) at pc=0x00007ffae5c7c355, pid=7068, tid=2888
#
# JRE version: OpenJDK Runtime Environment (11.0.11+9) (build 11.0.11+9-b60-7590822)
# Java VM: OpenJDK 64-Bit Server VM (11.0.11+9-b60-7590822, mixed mode, tiered, compressed oops, g1 gc, windows-amd64)
# Problematic frame:
# V  [jvm.dll+0x35c355]
#
# No core dump will be written. Minidumps are not enabled by default on client versions of Windows
#
# If you would like to submit a bug report, please visit:
#   https://bugreport.java.com/bugreport/crash.jsp
#

---------------  S U M M A R Y ------------

Command Line: --add-opens=java.base/java.util=ALL-UNNAMED --add-opens=java.base/java.lang=ALL-UNNAMED --add-opens=java.base/java.lang.invoke=ALL-UNNAMED --add-opens=java.base/java.util=ALL-UNNAMED --add-opens=java.prefs/java.util.prefs=ALL-UNNAMED --add-opens=java.prefs/java.util.prefs=ALL-UNNAMED --add-opens=java.base/java.nio.charset=ALL-UNNAMED --add-opens=java.base/java.net=ALL-UNNAMED --add-opens=java.base/java.util.concurrent.atomic=ALL-UNNAMED -Xmx2048m -Dfile.encoding=UTF-8 -Duser.country=US -Duser.language=en -Duser.variant org.gradle.launcher.daemon.bootstrap.GradleDaemon 7.2

Host: Intel(R) Core(TM) i3-2120 CPU @ 3.30GHz, 4 cores, 7G,  Windows 10 , 64 bit Build 17763 (10.0.17763.1879)
Time: Sat Jul  2 14:54:07 2022 India Standard Time elapsed time: 4758.910648 seconds (0d 1h 19m 18s)

---------------  T H R E A D  ---------------

Current thread (0x000001270e4f5000):  GCTaskThread "GC Thread#0" [stack: 0x000000105aa00000,0x000000105ab00000] [id=2888]

Stack: [0x000000105aa00000,0x000000105ab00000],  sp=0x000000105aaff3e0,  free space=1020k
Native frames: (J=compiled Java code, j=interpreted, Vv=VM code, C=native code)
V  [jvm.dll+0x35c355]
V  [jvm.dll+0x2de105]
V  [jvm.dll+0x2de5cc]
V  [jvm.dll+0x74d230]
V  [jvm.dll+0x6e80b5]
V  [jvm.dll+0x5f1036]
C  [ucrtbase.dll+0x2268a]
C  [KERNEL32.DLL+0x17974]
C  [ntdll.dll+0x5a2f1]


siginfo: EXCEPTION_ACCESS_VIOLATION (0xc0000005), reading address 0xffffffffffffffff


Register to memory mapping:

RIP=0x00007ffae5c7c355 jvm.dll
RAX=0x0200012731273750 is an unknown value
RBX=0x000000000000000b is an unknown value
RCX=0x0 is NULL
RDX=0x000000105affe938 points into unknown readable memory: 0x0000000000000000 | 00 00 00 00 00 00 00 00
RSP=0x000000105aaff3e0 points into unknown readable memory: 0x0000000000000000 | 00 00 00 00 00 00 00 00
RBP=0x000001270e4eaa10 points into unknown readable memory: 0x00007ffae6121f58 | 58 1f 12 e6 fa 7f 00 00
RSI=0x0000000100709490 is a pointer to class: 
kotlin.text.StringsKt___StringsKt {0x0000000100709498}
RDI=0x0000000000000058 is an unknown value
R8 =0x0000000100709490 is a pointer to class: 
kotlin.text.StringsKt___StringsKt {0x0000000100709498}
R9 =0x0 is NULL
R10=0x0 is NULL
R11=0x0000012731d41780 is pointing into metadata
R12=0x0 is NULL
R13=0x0 is NULL
R14=0x000001270e4eade8 points into unknown readable memory: 0x08044bef0912464e | 4e 46 12 09 ef 4b 04 08
R15=0x00000000000003d8 is an unknown value


Registers:
RAX=0x0200012731273750, RBX=0x000000000000000b, RCX=0x0000000000000000, RDX=0x000000105affe938
RSP=0x000000105aaff3e0, RBP=0x000001270e4eaa10, RSI=0x0000000100709490, RDI=0x0000000000000058
R8 =0x0000000100709490, R9 =0x0000000000000000, R10=0x0000000000000000, R11=0x0000012731d41780
R12=0x0000000000000000, R13=0x0000000000000000, R14=0x000001270e4eade8, R15=0x00000000000003d8
RIP=0x00007ffae5c7c355, EFLAGS=0x0000000000010293

Top of Stack: (sp=0x000000105aaff3e0)
0x000000105aaff3e0:   0000000000000000 0000000000000002
0x000000105aaff3f0:   000000010070c1a8 000000010070a6f8
0x000000105aaff400:   000001270e4eaa00 00007ffae5bfe105
0x000000105aaff410:   000000105affe930 000001270e4f56f0
0x000000105aaff420:   000000105affe930 000001270e4f1558
0x000000105aaff430:   0000000000000000 000001270e4f5000
0x000000105aaff440:   000001270c417790 00007ffae5bfe5cc
0x000000105aaff450:   0000000000000000 000000105affe860
0x000000105aaff460:   0000000000000000 000001270c417790
0x000000105aaff470:   00000000000075a3 00007ffae606d230
0x000000105aaff480:   000001270e4f5000 000000105aaff730
0x000000105aaff490:   0000000000000000 00000000000075a3
0x000000105aaff4a0:   000000105affe860 0000000000000000
0x000000105aaff4b0:   0000000000000000 0000000000000000
0x000000105aaff4c0:   000001270e4f5000 00007ffae60080b5
0x000000105aaff4d0:   00000127ffffffff 0000000000000000 

Instructions: (pc=0x00007ffae5c7c355)
0x00007ffae5c7c255:   48 89 44 24 20 48 8d 15 37 54 4d 00 48 8b cd e8
0x00007ffae5c7c265:   17 68 f6 ff 48 83 3e 00 74 13 49 8b d4 48 8b cf
0x00007ffae5c7c275:   e8 86 0b d6 ff 48 8b ce e8 2e 0a d6 ff 4c 89 7f
0x00007ffae5c7c285:   20 4c 89 77 18 48 89 77 10 48 8b 5c 24 50 48 8b
0x00007ffae5c7c295:   6c 24 58 48 8b 74 24 60 48 8b 7c 24 68 48 83 c4
0x00007ffae5c7c2a5:   30 41 5f 41 5e 41 5c c3 cc cc cc 40 53 48 83 ec
0x00007ffae5c7c2b5:   20 4c 8b 05 23 87 6d 00 48 8b 15 d4 7b 6d 00 e8
0x00007ffae5c7c2c5:   b7 18 00 00 48 8b d8 48 85 c0 74 15 48 8b c8 e8
0x00007ffae5c7c2d5:   b7 b8 24 00 84 c0 74 09 48 8b c3 48 83 c4 20 5b
0x00007ffae5c7c2e5:   c3 33 c0 48 83 c4 20 5b c3 cc cc 48 89 5c 24 18
0x00007ffae5c7c2f5:   56 48 83 ec 20 8b 81 a4 00 00 00 33 db c1 e8 09
0x00007ffae5c7c305:   48 8b f1 a8 01 74 2e 38 1d f3 ce 63 00 74 26 e8
0x00007ffae5c7c315:   e7 24 00 00 48 85 c0 74 1c 48 8b 80 98 00 00 00
0x00007ffae5c7c325:   38 58 20 74 10 48 8b ce e8 2e 74 e4 ff 48 85 c0
0x00007ffae5c7c335:   74 03 48 89 18 48 8b 86 98 01 00 00 39 18 7e 36
0x00007ffae5c7c345:   48 89 7c 24 38 48 8b fb 0f 1f 00 48 8b 44 07 08
0x00007ffae5c7c355:   48 8b 48 10 48 85 c9 74 07 33 d2 e8 bb 10 25 00
0x00007ffae5c7c365:   48 8b 86 98 01 00 00 ff c3 48 83 c7 08 3b 18 7c
0x00007ffae5c7c375:   da 48 8b 7c 24 38 48 8d 86 60 01 00 00 48 8d 4c
0x00007ffae5c7c385:   24 30 48 89 44 24 30 e8 4f 76 ef ff 48 8b 5c 24
0x00007ffae5c7c395:   40 48 83 c4 20 5e c3 cc cc cc cc 48 89 5c 24 10
0x00007ffae5c7c3a5:   48 89 6c 24 18 57 48 83 ec 20 48 8b fa 48 8b e9
0x00007ffae5c7c3b5:   e8 36 d2 16 00 8b 45 08 33 db 83 e0 f8 48 98 48
0x00007ffae5c7c3c5:   89 07 8b 85 c4 00 00 00 c1 e0 03 48 98 48 89 47
0x00007ffae5c7c3d5:   30 8b 85 34 01 00 00 c1 e0 03 48 98 48 89 47 38
0x00007ffae5c7c3e5:   8b 85 30 01 00 00 c1 e0 03 48 98 48 89 47 40 48
0x00007ffae5c7c3f5:   8b 85 98 01 00 00 48 85 c0 75 04 8b c3 eb 1c 8b
0x00007ffae5c7c405:   08 8b c3 85 c9 74 14 ff c9 85 c9 0f 4f c1 48 98
0x00007ffae5c7c415:   48 8d 04 c5 17 00 00 00 83 e0 f8 48 63 d0 48 89
0x00007ffae5c7c425:   57 48 48 8b 85 b8 01 00 00 48 85 c0 75 04 8b c3
0x00007ffae5c7c435:   eb 21 8b 00 85 c0 75 04 8b c3 eb 17 ff c8 8b cb
0x00007ffae5c7c445:   85 c0 0f 4f c8 48 63 c1 48 8d 04 85 0f 00 00 00 


Stack slot to memory mapping:
stack at sp + 0 slots: 0x0 is NULL
stack at sp + 1 slots: 0x0000000000000002 is an unknown value
stack at sp + 2 slots: 0x000000010070c1a8 is a pointer to class: 
org.gradle.internal.instantiation.ManagedTypeFactory {0x000000010070c1b0}
stack at sp + 3 slots: 0x000000010070a6f8 is a pointer to class: 
org.gradle.api.internal.provider.MapCollector {0x000000010070a700}
stack at sp + 4 slots: 0x000001270e4eaa00 points into unknown readable memory: 0x0000000000000000 | 00 00 00 00 00 00 00 00
stack at sp + 5 slots: 0x00007ffae5bfe105 jvm.dll
stack at sp + 6 slots: 0x000000105affe930 points into unknown readable memory: 0xffffffff00000001 | 01 00 00 00 ff ff ff ff
stack at sp + 7 slots: 0x000001270e4f56f0 points into unknown readable memory: 0x0000000000000002 | 02 00 00 00 00 00 00 00


---------------  P R O C E S S  ---------------

Threads class SMR info:
_java_thread_list=0x0000012732c77840, length=80, elements={
0x000001270e4de800, 0x00000127280c2000, 0x00000127280ce000, 0x0000012728a42800,
0x0000012728a47800, 0x0000012728a49000, 0x0000012728a50800, 0x00000127280dd800,
0x00000127280df000, 0x0000012728b92000, 0x000001272a46c000, 0x000001272ae88000,
0x000001272ab50800, 0x000001272ac24000, 0x000001272ac25800, 0x000001272ac22000,
0x000001272ac24800, 0x000001272ac23000, 0x000001272ac26000, 0x000001272ac20800,
0x000001272b009000, 0x000001272b009800, 0x000001272b00b800, 0x000001272b00f800,
0x000001272d5e1000, 0x000001272d5df000, 0x0000012730856800, 0x000001273085a800,
0x000001273085b000, 0x0000012730855800, 0x0000012730859800, 0x000001273085c000,
0x0000012730857000, 0x000001273085d800, 0x0000012730858000, 0x000001273085d000,
0x0000012730864000, 0x0000012730861800, 0x000001273085f800, 0x0000012730863800,
0x000001273085e800, 0x0000012730860000, 0x0000012730861000, 0x000001272d5d2000,
0x000001272d5d8000, 0x000001272d5d7000, 0x000001272d5d8800, 0x000001272d5d3000,
0x000001272d5d9800, 0x000001272d5d4000, 0x000001272d5d5800, 0x000001272d5da800,
0x000001272d5d4800, 0x000001272d5db000, 0x000001272d5d6000, 0x000001272d5dd000,
0x000001272d5dd800, 0x000001272d5de800, 0x000001272b00a800, 0x000001272b006800,
0x000001272b012800, 0x000001272b00d000, 0x000001272b010000, 0x000001272b013800,
0x000001272b00e000, 0x000001272b014800, 0x000001272b00e800, 0x000001272b015000,
0x000001272b011000, 0x000001272ac1f800, 0x000001272ac21800, 0x0000012729055800,
0x0000012729053000, 0x0000012729056800, 0x0000012729057000, 0x0000012729054800,
0x0000012729051800, 0x0000012729054000, 0x0000012729058000, 0x0000012729052000
}

Java Threads: ( => current thread )
  0x000001270e4de800 JavaThread "main" [_thread_blocked, id=1116, stack(0x000000105a900000,0x000000105aa00000)]
  0x00000127280c2000 JavaThread "Reference Handler" daemon [_thread_blocked, id=8444, stack(0x000000105b000000,0x000000105b100000)]
  0x00000127280ce000 JavaThread "Finalizer" daemon [_thread_blocked, id=8124, stack(0x000000105b100000,0x000000105b200000)]
  0x0000012728a42800 JavaThread "Signal Dispatcher" daemon [_thread_blocked, id=8572, stack(0x000000105b200000,0x000000105b300000)]
  0x0000012728a47800 JavaThread "Attach Listener" daemon [_thread_blocked, id=7352, stack(0x000000105b300000,0x000000105b400000)]
  0x0000012728a49000 JavaThread "Service Thread" daemon [_thread_blocked, id=6768, stack(0x000000105b400000,0x000000105b500000)]
  0x0000012728a50800 JavaThread "C2 CompilerThread0" daemon [_thread_in_native, id=4808, stack(0x000000105b500000,0x000000105b600000)]
  0x00000127280dd800 JavaThread "C1 CompilerThread0" daemon [_thread_blocked, id=1428, stack(0x000000105b600000,0x000000105b700000)]
  0x00000127280df000 JavaThread "Sweeper thread" daemon [_thread_blocked, id=8872, stack(0x000000105b700000,0x000000105b800000)]
  0x0000012728b92000 JavaThread "Common-Cleaner" daemon [_thread_blocked, id=4892, stack(0x000000105b800000,0x000000105b900000)]
  0x000001272a46c000 JavaThread "Daemon health stats" [_thread_blocked, id=3284, stack(0x000000105bd00000,0x000000105be00000)]
  0x000001272ae88000 JavaThread "Incoming local TCP Connector on port 50390" [_thread_in_native, id=6304, stack(0x000000105ba00000,0x000000105bb00000)]
  0x000001272ab50800 JavaThread "Daemon periodic checks" [_thread_blocked, id=4312, stack(0x000000105be00000,0x000000105bf00000)]
  0x000001272ac24000 JavaThread "Cache worker for journal cache (C:\Users\SYFLEX TECHO SOLUTIO\.gradle\caches\journal-1)" [_thread_blocked, id=5768, stack(0x000000105c700000,0x000000105c800000)]
  0x000001272ac25800 JavaThread "File lock request listener" [_thread_in_native, id=4444, stack(0x000000105c800000,0x000000105c900000)]
  0x000001272ac22000 JavaThread "Cache worker for file hash cache (C:\Users\SYFLEX TECHO SOLUTIO\.gradle\caches\7.2\fileHashes)" [_thread_blocked, id=8304, stack(0x000000105c900000,0x000000105ca00000)]
  0x000001272ac24800 JavaThread "File watcher server" daemon [_thread_in_native, id=440, stack(0x000000105cc00000,0x000000105cd00000)]
  0x000001272ac23000 JavaThread "File watcher consumer" daemon [_thread_blocked, id=5544, stack(0x000000105cd00000,0x000000105ce00000)]
  0x000001272ac26000 JavaThread "jar transforms" [_thread_blocked, id=764, stack(0x000000105ce00000,0x000000105cf00000)]
  0x000001272ac20800 JavaThread "jar transforms Thread 2" [_thread_blocked, id=4888, stack(0x000000105cf00000,0x000000105d000000)]
  0x000001272b009000 JavaThread "jar transforms Thread 3" [_thread_blocked, id=8724, stack(0x000000105d000000,0x000000105d100000)]
  0x000001272b009800 JavaThread "jar transforms Thread 4" [_thread_blocked, id=1524, stack(0x000000105d100000,0x000000105d200000)]
  0x000001272b00b800 JavaThread "Cache worker for execution history cache (C:\Users\SYFLEX TECHO SOLUTIO\.gradle\caches\7.2\executionHistory)" [_thread_blocked, id=5304, stack(0x000000105d500000,0x000000105d600000)]
  0x000001272b00f800 JavaThread "Cache worker for file content cache (C:\Users\SYFLEX TECHO SOLUTIO\.gradle\caches\7.2\fileContent)" [_thread_blocked, id=7872, stack(0x000000105d600000,0x000000105d700000)]
  0x000001272d5e1000 JavaThread "Memory manager" [_thread_blocked, id=1036, stack(0x0000001060100000,0x0000001060200000)]
  0x000001272d5df000 JavaThread "pool-3-thread-1" [_thread_blocked, id=8704, stack(0x0000001060200000,0x0000001060300000)]
  0x0000012730856800 JavaThread "pool-6-thread-1" [_thread_blocked, id=3672, stack(0x000000105fe00000,0x000000105ff00000)]
  0x000001273085a800 JavaThread "Daemon Thread 3" [_thread_blocked, id=7532, stack(0x000000105a600000,0x000000105a700000)]
  0x000001273085b000 JavaThread "Handler for socket connection from /127.0.0.1:50390 to /127.0.0.1:53180" [_thread_in_native, id=1056, stack(0x000000105a700000,0x000000105a800000)]
  0x0000012730855800 JavaThread "Cancel handler" [_thread_blocked, id=8212, stack(0x000000105a800000,0x000000105a900000)]
  0x0000012730859800 JavaThread "Daemon worker Thread 3" [_thread_blocked, id=8664, stack(0x000000105bf00000,0x000000105c000000)]
  0x000001273085c000 JavaThread "Asynchronous log dispatcher for DefaultDaemonConnection: socket connection from /127.0.0.1:50390 to /127.0.0.1:53180" [_thread_blocked, id=3912, stack(0x000000105c000000,0x000000105c100000)]
  0x0000012730857000 JavaThread "Stdin handler" [_thread_blocked, id=7976, stack(0x000000105c100000,0x000000105c200000)]
  0x000001273085d800 JavaThread "Daemon client event forwarder" [_thread_blocked, id=3332, stack(0x000000105c200000,0x000000105c300000)]
  0x0000012730858000 JavaThread "Cache worker for file hash cache (H:\Newfolder\WareHouseApp\WareHouseApp\.gradle\7.2\fileHashes)" [_thread_blocked, id=6632, stack(0x000000105c300000,0x000000105c400000)]
  0x000001273085d000 JavaThread "Cache worker for checksums cache (H:\Newfolder\WareHouseApp\WareHouseApp\.gradle\checksums)" [_thread_blocked, id=4104, stack(0x000000105c500000,0x000000105c600000)]
  0x0000012730864000 JavaThread "Cache worker for cache directory md-supplier (C:\Users\SYFLEX TECHO SOLUTIO\.gradle\caches\7.2\md-supplier)" [_thread_blocked, id=2484, stack(0x000000105ca00000,0x000000105cb00000)]
  0x0000012730861800 JavaThread "Cache worker for cache directory md-rule (C:\Users\SYFLEX TECHO SOLUTIO\.gradle\caches\7.2\md-rule)" [_thread_blocked, id=6656, stack(0x000000105cb00000,0x000000105cc00000)]
  0x000001273085f800 JavaThread "Cache worker for dependencies-accessors (H:\Newfolder\WareHouseApp\WareHouseApp\.gradle\7.2\dependencies-accessors)" [_thread_blocked, id=3172, stack(0x000000105d200000,0x000000105d300000)]
  0x0000012730863800 JavaThread "Cache worker for Build Output Cleanup Cache (H:\Newfolder\WareHouseApp\WareHouseApp\.gradle\buildOutputCleanup)" [_thread_blocked, id=5892, stack(0x000000105d300000,0x000000105d400000)]
  0x000001273085e800 JavaThread "Unconstrained build operations" [_thread_blocked, id=5152, stack(0x000000105d400000,0x000000105d500000)]
  0x0000012730860000 JavaThread "Unconstrained build operations Thread 2" [_thread_blocked, id=8252, stack(0x000000105d700000,0x000000105d800000)]
  0x0000012730861000 JavaThread "Unconstrained build operations Thread 3" [_thread_blocked, id=1996, stack(0x000000105d800000,0x000000105d900000)]
  0x000001272d5d2000 JavaThread "Unconstrained build operations Thread 4" [_thread_blocked, id=3016, stack(0x000000105d900000,0x000000105da00000)]
  0x000001272d5d8000 JavaThread "Unconstrained build operations Thread 5" [_thread_blocked, id=2692, stack(0x000000105da00000,0x000000105db00000)]
  0x000001272d5d7000 JavaThread "Unconstrained build operations Thread 6" [_thread_blocked, id=8700, stack(0x000000105db00000,0x000000105dc00000)]
  0x000001272d5d8800 JavaThread "Unconstrained build operations Thread 7" [_thread_blocked, id=1220, stack(0x000000105dc00000,0x000000105dd00000)]
  0x000001272d5d3000 JavaThread "Unconstrained build operations Thread 8" [_thread_blocked, id=7760, stack(0x000000105dd00000,0x000000105de00000)]
  0x000001272d5d9800 JavaThread "Unconstrained build operations Thread 9" [_thread_blocked, id=7848, stack(0x000000105de00000,0x000000105df00000)]
  0x000001272d5d4000 JavaThread "Unconstrained build operations Thread 10" [_thread_blocked, id=3444, stack(0x000000105df00000,0x000000105e000000)]
  0x000001272d5d5800 JavaThread "Unconstrained build operations Thread 11" [_thread_blocked, id=7852, stack(0x000000105e000000,0x000000105e100000)]
  0x000001272d5da800 JavaThread "Unconstrained build operations Thread 12" [_thread_blocked, id=4612, stack(0x000000105e100000,0x000000105e200000)]
  0x000001272d5d4800 JavaThread "Unconstrained build operations Thread 13" [_thread_blocked, id=5516, stack(0x000000105e200000,0x000000105e300000)]
  0x000001272d5db000 JavaThread "Unconstrained build operations Thread 14" [_thread_blocked, id=840, stack(0x000000105e300000,0x000000105e400000)]
  0x000001272d5d6000 JavaThread "Unconstrained build operations Thread 15" [_thread_blocked, id=5604, stack(0x000000105e400000,0x000000105e500000)]
  0x000001272d5dd000 JavaThread "Unconstrained build operations Thread 16" [_thread_blocked, id=2288, stack(0x000000105e500000,0x000000105e600000)]
  0x000001272d5dd800 JavaThread "Unconstrained build operations Thread 17" [_thread_blocked, id=212, stack(0x000000105e600000,0x000000105e700000)]
  0x000001272d5de800 JavaThread "Unconstrained build operations Thread 18" [_thread_blocked, id=4164, stack(0x000000105e700000,0x000000105e800000)]
  0x000001272b00a800 JavaThread "Unconstrained build operations Thread 19" [_thread_blocked, id=2608, stack(0x000000105e800000,0x000000105e900000)]
  0x000001272b006800 JavaThread "Unconstrained build operations Thread 20" [_thread_blocked, id=8944, stack(0x000000105e900000,0x000000105ea00000)]
  0x000001272b012800 JavaThread "Unconstrained build operations Thread 21" [_thread_blocked, id=816, stack(0x000000105ea00000,0x000000105eb00000)]
  0x000001272b00d000 JavaThread "Unconstrained build operations Thread 22" [_thread_blocked, id=204, stack(0x000000105eb00000,0x000000105ec00000)]
  0x000001272b010000 JavaThread "Unconstrained build operations Thread 23" [_thread_blocked, id=2388, stack(0x000000105ec00000,0x000000105ed00000)]
  0x000001272b013800 JavaThread "Unconstrained build operations Thread 24" [_thread_blocked, id=8712, stack(0x000000105ed00000,0x000000105ee00000)]
  0x000001272b00e000 JavaThread "Unconstrained build operations Thread 25" [_thread_blocked, id=7112, stack(0x000000105ee00000,0x000000105ef00000)]
  0x000001272b014800 JavaThread "Unconstrained build operations Thread 26" [_thread_blocked, id=7684, stack(0x000000105ef00000,0x000000105f000000)]
  0x000001272b00e800 JavaThread "Unconstrained build operations Thread 27" [_thread_blocked, id=6596, stack(0x000000105f000000,0x000000105f100000)]
  0x000001272b015000 JavaThread "Unconstrained build operations Thread 28" [_thread_blocked, id=380, stack(0x000000105f100000,0x000000105f200000)]
  0x000001272b011000 JavaThread "Unconstrained build operations Thread 29" [_thread_blocked, id=6780, stack(0x000000105f200000,0x000000105f300000)]
  0x000001272ac1f800 JavaThread "Unconstrained build operations Thread 30" [_thread_blocked, id=376, stack(0x000000105f300000,0x000000105f400000)]
  0x000001272ac21800 JavaThread "Unconstrained build operations Thread 31" [_thread_blocked, id=7324, stack(0x000000105f400000,0x000000105f500000)]
  0x0000012729055800 JavaThread "Unconstrained build operations Thread 32" [_thread_blocked, id=7216, stack(0x000000105f500000,0x000000105f600000)]
  0x0000012729053000 JavaThread "Unconstrained build operations Thread 33" [_thread_blocked, id=1044, stack(0x000000105f600000,0x000000105f700000)]
  0x0000012729056800 JavaThread "Unconstrained build operations Thread 34" [_thread_blocked, id=8056, stack(0x000000105f700000,0x000000105f800000)]
  0x0000012729057000 JavaThread "Unconstrained build operations Thread 35" [_thread_blocked, id=1240, stack(0x000000105f800000,0x000000105f900000)]
  0x0000012729054800 JavaThread "Unconstrained build operations Thread 36" [_thread_blocked, id=5200, stack(0x000000105f900000,0x000000105fa00000)]
  0x0000012729051800 JavaThread "Unconstrained build operations Thread 37" [_thread_blocked, id=8792, stack(0x000000105fa00000,0x000000105fb00000)]
  0x0000012729054000 JavaThread "Unconstrained build operations Thread 38" [_thread_blocked, id=6452, stack(0x000000105fb00000,0x000000105fc00000)]
  0x0000012729058000 JavaThread "Unconstrained build operations Thread 39" [_thread_blocked, id=5552, stack(0x000000105fc00000,0x000000105fd00000)]
  0x0000012729052000 JavaThread "Unconstrained build operations Thread 40" [_thread_blocked, id=6476, stack(0x000000105fd00000,0x000000105fe00000)]

Other Threads:
  0x00000127280bb000 VMThread "VM Thread" [stack: 0x000000105af00000,0x000000105b000000] [id=8484]
  0x0000012728ba5000 WatcherThread [stack: 0x000000105b900000,0x000000105ba00000] [id=2900]
=>0x000001270e4f5000 GCTaskThread "GC Thread#0" [stack: 0x000000105aa00000,0x000000105ab00000] [id=2888]
  0x00000127292e6800 GCTaskThread "GC Thread#1" [stack: 0x000000105bb00000,0x000000105bc00000] [id=6880]
  0x00000127292e7800 GCTaskThread "GC Thread#2" [stack: 0x000000105bc00000,0x000000105bd00000] [id=6788]
  0x000001272ac56000 GCTaskThread "GC Thread#3" [stack: 0x000000105c600000,0x000000105c700000] [id=7528]
  0x000001270e529000 ConcurrentGCThread "G1 Main Marker" [stack: 0x000000105ab00000,0x000000105ac00000] [id=7008]
  0x000001270e52a000 ConcurrentGCThread "G1 Conc#0" [stack: 0x000000105ac00000,0x000000105ad00000] [id=3160]
  0x0000012727f10800 ConcurrentGCThread "G1 Refine#0" [stack: 0x000000105ad00000,0x000000105ae00000] [id=5100]
  0x000001272b16b800 ConcurrentGCThread "G1 Refine#1" [stack: 0x000000105ff00000,0x0000001060000000] [id=5144]
  0x0000012727f11800 ConcurrentGCThread "G1 Young RemSet Sampling" [stack: 0x000000105ae00000,0x000000105af00000] [id=6280]

Threads with active compile tasks:
C2 CompilerThread04758949 15384       4       org.gradle.internal.reflect.MethodSet::add (50 bytes)

VM state:at safepoint (normal execution)

VM Mutex/Monitor currently owned by a thread:  ([mutex/lock_event])
[0x000001270e4da4c0] Threads_lock - owner thread: 0x00000127280bb000
[0x000001270e4d96b0] Heap_lock - owner thread: 0x000001270e529000

Heap address: 0x0000000080000000, size: 2048 MB, Compressed Oops mode: 32-bit
Narrow klass base: 0x0000000000000000, Narrow klass shift: 3
Compressed class space size: 1073741824 Address: 0x0000000100000000

Heap:
 garbage-first heap   total 270336K, used 163437K [0x0000000080000000, 0x0000000100000000)
  region size 1024K, 18 young (18432K), 8 survivors (8192K)
 Metaspace       used 141192K, capacity 144826K, committed 145024K, reserved 1175552K
  class space    used 17559K, capacity 18807K, committed 18816K, reserved 1048576K
Heap Regions: E=young(eden), S=young(survivor), O=old, HS=humongous(starts), HC=humongous(continues), CS=collection set, F=free, A=archive, TAMS=top-at-mark-start (previous, next)
|   0|0x0000000080000000, 0x0000000080100000, 0x0000000080100000|100%|HS|  |TAMS 0x0000000080100000, 0x0000000080100000| Complete 
|   1|0x0000000080100000, 0x0000000080200000, 0x0000000080200000|100%|HC|  |TAMS 0x0000000080200000, 0x0000000080200000| Complete 
|   2|0x0000000080200000, 0x0000000080300000, 0x0000000080300000|100%|HC|  |TAMS 0x0000000080300000, 0x0000000080300000| Complete 
|   3|0x0000000080300000, 0x0000000080400000, 0x0000000080400000|100%| O|  |TAMS 0x0000000080400000, 0x0000000080400000| Untracked 
|   4|0x0000000080400000, 0x0000000080500000, 0x0000000080500000|100%| O|  |TAMS 0x0000000080500000, 0x0000000080500000| Untracked 
|   5|0x0000000080500000, 0x0000000080600000, 0x0000000080600000|100%| O|  |TAMS 0x0000000080600000, 0x0000000080600000| Untracked 
|   6|0x0000000080600000, 0x0000000080600000, 0x0000000080700000|  0%| F|  |TAMS 0x0000000080600000, 0x0000000080600000| Untracked 
|   7|0x0000000080700000, 0x0000000080800000, 0x0000000080800000|100%| O|  |TAMS 0x0000000080800000, 0x0000000080800000| Untracked 
|   8|0x0000000080800000, 0x0000000080900000, 0x0000000080900000|100%| O|  |TAMS 0x0000000080900000, 0x0000000080900000| Untracked 
|   9|0x0000000080900000, 0x0000000080a00000, 0x0000000080a00000|100%| O|  |TAMS 0x0000000080a00000, 0x0000000080a00000| Untracked 
|  10|0x0000000080a00000, 0x0000000080b00000, 0x0000000080b00000|100%| O|  |TAMS 0x0000000080b00000, 0x0000000080b00000| Untracked 
|  11|0x0000000080b00000, 0x0000000080c00000, 0x0000000080c00000|100%| O|  |TAMS 0x0000000080c00000, 0x0000000080c00000| Untracked 
|  12|0x0000000080c00000, 0x0000000080d00000, 0x0000000080d00000|100%| O|  |TAMS 0x0000000080d00000, 0x0000000080d00000| Untracked 
|  13|0x0000000080d00000, 0x0000000080e00000, 0x0000000080e00000|100%| O|  |TAMS 0x0000000080d00000, 0x0000000080e00000| Untracked 
|  14|0x0000000080e00000, 0x0000000080f00000, 0x0000000080f00000|100%| O|  |TAMS 0x0000000080f00000, 0x0000000080f00000| Untracked 
|  15|0x0000000080f00000, 0x0000000081000000, 0x0000000081000000|100%| O|  |TAMS 0x0000000081000000, 0x0000000081000000| Untracked 
|  16|0x0000000081000000, 0x0000000081100000, 0x0000000081100000|100%| O|  |TAMS 0x0000000081100000, 0x0000000081100000| Untracked 
|  17|0x0000000081100000, 0x0000000081200000, 0x0000000081200000|100%|HS|  |TAMS 0x0000000081200000, 0x0000000081200000| Complete 
|  18|0x0000000081200000, 0x0000000081300000, 0x0000000081300000|100%|HC|  |TAMS 0x0000000081300000, 0x0000000081300000| Complete 
|  19|0x0000000081300000, 0x0000000081400000, 0x0000000081400000|100%|HS|  |TAMS 0x0000000081400000, 0x0000000081400000| Complete 
|  20|0x0000000081400000, 0x0000000081500000, 0x0000000081500000|100%|HC|  |TAMS 0x0000000081500000, 0x0000000081500000| Complete 
|  21|0x0000000081500000, 0x0000000081600000, 0x0000000081600000|100%|HC|  |TAMS 0x0000000081600000, 0x0000000081600000| Complete 
|  22|0x0000000081600000, 0x0000000081700000, 0x0000000081700000|100%|HS|  |TAMS 0x0000000081700000, 0x0000000081700000| Complete 
|  23|0x0000000081700000, 0x0000000081800000, 0x0000000081800000|100%|HC|  |TAMS 0x0000000081800000, 0x0000000081800000| Complete 
|  24|0x0000000081800000, 0x0000000081900000, 0x0000000081900000|100%|HC|  |TAMS 0x0000000081900000, 0x0000000081900000| Complete 
|  25|0x0000000081900000, 0x0000000081a00000, 0x0000000081a00000|100%|HC|  |TAMS 0x0000000081a00000, 0x0000000081a00000| Complete 
|  26|0x0000000081a00000, 0x0000000081b00000, 0x0000000081b00000|100%| O|  |TAMS 0x0000000081b00000, 0x0000000081b00000| Untracked 
|  27|0x0000000081b00000, 0x0000000081c00000, 0x0000000081c00000|100%| O|  |TAMS 0x0000000081c00000, 0x0000000081c00000| Untracked 
|  28|0x0000000081c00000, 0x0000000081d00000, 0x0000000081d00000|100%| O|  |TAMS 0x0000000081d00000, 0x0000000081d00000| Untracked 
|  29|0x0000000081d00000, 0x0000000081e00000, 0x0000000081e00000|100%| O|  |TAMS 0x0000000081e00000, 0x0000000081e00000| Untracked 
|  30|0x0000000081e00000, 0x0000000081f00000, 0x0000000081f00000|100%| O|  |TAMS 0x0000000081f00000, 0x0000000081f00000| Untracked 
|  31|0x0000000081f00000, 0x0000000082000000, 0x0000000082000000|100%| O|  |TAMS 0x0000000082000000, 0x0000000082000000| Untracked 
|  32|0x0000000082000000, 0x0000000082100000, 0x0000000082100000|100%| O|  |TAMS 0x0000000082100000, 0x0000000082100000| Untracked 
|  33|0x0000000082100000, 0x0000000082200000, 0x0000000082200000|100%|HS|  |TAMS 0x0000000082200000, 0x0000000082200000| Complete 
|  34|0x0000000082200000, 0x0000000082300000, 0x0000000082300000|100%|HC|  |TAMS 0x0000000082300000, 0x0000000082300000| Complete 
|  35|0x0000000082300000, 0x0000000082400000, 0x0000000082400000|100%|HC|  |TAMS 0x0000000082400000, 0x0000000082400000| Complete 
|  36|0x0000000082400000, 0x0000000082500000, 0x0000000082500000|100%| O|  |TAMS 0x0000000082500000, 0x0000000082500000| Untracked 
|  37|0x0000000082500000, 0x0000000082600000, 0x0000000082600000|100%| O|  |TAMS 0x0000000082600000, 0x0000000082600000| Untracked 
|  38|0x0000000082600000, 0x0000000082700000, 0x0000000082700000|100%| O|  |TAMS 0x0000000082700000, 0x0000000082700000| Untracked 
|  39|0x0000000082700000, 0x0000000082800000, 0x0000000082800000|100%| O|  |TAMS 0x0000000082800000, 0x0000000082800000| Untracked 
|  40|0x0000000082800000, 0x0000000082900000, 0x0000000082900000|100%| O|  |TAMS 0x0000000082900000, 0x0000000082900000| Untracked 
|  41|0x0000000082900000, 0x0000000082a00000, 0x0000000082a00000|100%| O|  |TAMS 0x0000000082a00000, 0x0000000082a00000| Untracked 
|  42|0x0000000082a00000, 0x0000000082b00000, 0x0000000082b00000|100%| O|  |TAMS 0x0000000082b00000, 0x0000000082b00000| Untracked 
|  43|0x0000000082b00000, 0x0000000082c00000, 0x0000000082c00000|100%|HS|  |TAMS 0x0000000082c00000, 0x0000000082c00000| Complete 
|  44|0x0000000082c00000, 0x0000000082d00000, 0x0000000082d00000|100%|HC|  |TAMS 0x0000000082d00000, 0x0000000082d00000| Complete 
|  45|0x0000000082d00000, 0x0000000082e00000, 0x0000000082e00000|100%|HC|  |TAMS 0x0000000082e00000, 0x0000000082e00000| Complete 
|  46|0x0000000082e00000, 0x0000000082f00000, 0x0000000082f00000|100%|HC|  |TAMS 0x0000000082f00000, 0x0000000082f00000| Complete 
|  47|0x0000000082f00000, 0x0000000083000000, 0x0000000083000000|100%| O|  |TAMS 0x0000000083000000, 0x0000000083000000| Untracked 
|  48|0x0000000083000000, 0x0000000083100000, 0x0000000083100000|100%| O|  |TAMS 0x0000000083000000, 0x0000000083100000| Untracked 
|  49|0x0000000083100000, 0x0000000083200000, 0x0000000083200000|100%| O|  |TAMS 0x0000000083100000, 0x0000000083200000| Untracked 
|  50|0x0000000083200000, 0x0000000083300000, 0x0000000083300000|100%| O|  |TAMS 0x0000000083200000, 0x0000000083300000| Untracked 
|  51|0x0000000083300000, 0x0000000083400000, 0x0000000083400000|100%|HS|  |TAMS 0x0000000083400000, 0x0000000083400000| Complete 
|  52|0x0000000083400000, 0x0000000083500000, 0x0000000083500000|100%|HS|  |TAMS 0x0000000083500000, 0x0000000083500000| Complete 
|  53|0x0000000083500000, 0x0000000083600000, 0x0000000083600000|100%|HS|  |TAMS 0x0000000083600000, 0x0000000083600000| Complete 
|  54|0x0000000083600000, 0x0000000083700000, 0x0000000083700000|100%|HS|  |TAMS 0x0000000083700000, 0x0000000083700000| Complete 
|  55|0x0000000083700000, 0x0000000083800000, 0x0000000083800000|100%|HC|  |TAMS 0x0000000083800000, 0x0000000083800000| Complete 
|  56|0x0000000083800000, 0x0000000083900000, 0x0000000083900000|100%| O|  |TAMS 0x0000000083800000, 0x0000000083900000| Untracked 
|  57|0x0000000083900000, 0x0000000083a00000, 0x0000000083a00000|100%| O|  |TAMS 0x0000000083900000, 0x0000000083a00000| Untracked 
|  58|0x0000000083a00000, 0x0000000083b00000, 0x0000000083b00000|100%| O|  |TAMS 0x0000000083a00000, 0x0000000083b00000| Untracked 
|  59|0x0000000083b00000, 0x0000000083c00000, 0x0000000083c00000|100%| O|  |TAMS 0x0000000083b00000, 0x0000000083c00000| Untracked 
|  60|0x0000000083c00000, 0x0000000083d00000, 0x0000000083d00000|100%| O|  |TAMS 0x0000000083d00000, 0x0000000083d00000| Untracked 
|  61|0x0000000083d00000, 0x0000000083e00000, 0x0000000083e00000|100%| O|  |TAMS 0x0000000083e00000, 0x0000000083e00000| Untracked 
|  62|0x0000000083e00000, 0x0000000083f00000, 0x0000000083f00000|100%| O|  |TAMS 0x0000000083f00000, 0x0000000083f00000| Untracked 
|  63|0x0000000083f00000, 0x0000000084000000, 0x0000000084000000|100%| O|  |TAMS 0x0000000083f00000, 0x0000000084000000| Untracked 
|  64|0x0000000084000000, 0x0000000084100000, 0x0000000084100000|100%| O|  |TAMS 0x0000000084100000, 0x0000000084100000| Untracked 
|  65|0x0000000084100000, 0x0000000084200000, 0x0000000084200000|100%| O|  |TAMS 0x0000000084200000, 0x0000000084200000| Untracked 
|  66|0x0000000084200000, 0x0000000084300000, 0x0000000084300000|100%| O|  |TAMS 0x0000000084300000, 0x0000000084300000| Untracked 
|  67|0x0000000084300000, 0x0000000084400000, 0x0000000084400000|100%| O|  |TAMS 0x0000000084400000, 0x0000000084400000| Untracked 
|  68|0x0000000084400000, 0x0000000084500000, 0x0000000084500000|100%| O|  |TAMS 0x0000000084500000, 0x0000000084500000| Untracked 
|  69|0x0000000084500000, 0x0000000084600000, 0x0000000084600000|100%| O|  |TAMS 0x0000000084600000, 0x0000000084600000| Untracked 
|  70|0x0000000084600000, 0x0000000084700000, 0x0000000084700000|100%| O|  |TAMS 0x0000000084700000, 0x0000000084700000| Untracked 
|  71|0x0000000084700000, 0x0000000084800000, 0x0000000084800000|100%| O|  |TAMS 0x0000000084800000, 0x0000000084800000| Untracked 
|  72|0x0000000084800000, 0x0000000084900000, 0x0000000084900000|100%| O|  |TAMS 0x0000000084800000, 0x0000000084900000| Untracked 
|  73|0x0000000084900000, 0x0000000084a00000, 0x0000000084a00000|100%| O|  |TAMS 0x0000000084900000, 0x0000000084a00000| Untracked 
|  74|0x0000000084a00000, 0x0000000084b00000, 0x0000000084b00000|100%| O|  |TAMS 0x0000000084b00000, 0x0000000084b00000| Untracked 
|  75|0x0000000084b00000, 0x0000000084c00000, 0x0000000084c00000|100%|HS|  |TAMS 0x0000000084c00000, 0x0000000084c00000| Complete 
|  76|0x0000000084c00000, 0x0000000084d00000, 0x0000000084d00000|100%|HC|  |TAMS 0x0000000084d00000, 0x0000000084d00000| Complete 
|  77|0x0000000084d00000, 0x0000000084e00000, 0x0000000084e00000|100%|HS|  |TAMS 0x0000000084e00000, 0x0000000084e00000| Complete 
|  78|0x0000000084e00000, 0x0000000084f00000, 0x0000000084f00000|100%|HC|  |TAMS 0x0000000084f00000, 0x0000000084f00000| Complete 
|  79|0x0000000084f00000, 0x0000000085000000, 0x0000000085000000|100%|HC|  |TAMS 0x0000000085000000, 0x0000000085000000| Complete 
|  80|0x0000000085000000, 0x0000000085100000, 0x0000000085100000|100%| O|  |TAMS 0x0000000085000000, 0x0000000085100000| Untracked 
|  81|0x0000000085100000, 0x0000000085200000, 0x0000000085200000|100%| O|  |TAMS 0x0000000085100000, 0x0000000085200000| Untracked 
|  82|0x0000000085200000, 0x0000000085300000, 0x0000000085300000|100%| O|  |TAMS 0x0000000085300000, 0x0000000085300000| Untracked 
|  83|0x0000000085300000, 0x0000000085400000, 0x0000000085400000|100%| O|  |TAMS 0x0000000085400000, 0x0000000085400000| Untracked 
|  84|0x0000000085400000, 0x0000000085500000, 0x0000000085500000|100%|HS|  |TAMS 0x0000000085500000, 0x0000000085500000| Complete 
|  85|0x0000000085500000, 0x0000000085600000, 0x0000000085600000|100%|HC|  |TAMS 0x0000000085600000, 0x0000000085600000| Complete 
|  86|0x0000000085600000, 0x0000000085700000, 0x0000000085700000|100%|HC|  |TAMS 0x0000000085700000, 0x0000000085700000| Complete 
|  87|0x0000000085700000, 0x0000000085800000, 0x0000000085800000|100%|HC|  |TAMS 0x0000000085800000, 0x0000000085800000| Complete 
|  88|0x0000000085800000, 0x0000000085900000, 0x0000000085900000|100%| O|  |TAMS 0x0000000085900000, 0x0000000085900000| Untracked 
|  89|0x0000000085900000, 0x0000000085a00000, 0x0000000085a00000|100%| O|  |TAMS 0x0000000085900000, 0x0000000085a00000| Untracked 
|  90|0x0000000085a00000, 0x0000000085a00000, 0x0000000085b00000|  0%| F|  |TAMS 0x0000000085a00000, 0x0000000085a00000| Untracked 
|  91|0x0000000085b00000, 0x0000000085c00000, 0x0000000085c00000|100%| O|  |TAMS 0x0000000085c00000, 0x0000000085c00000| Untracked 
|  92|0x0000000085c00000, 0x0000000085c85a00, 0x0000000085d00000| 52%| O|  |TAMS 0x0000000085c00000, 0x0000000085c85a00| Untracked 
|  93|0x0000000085d00000, 0x0000000085d00000, 0x0000000085e00000|  0%| F|  |TAMS 0x0000000085d00000, 0x0000000085d00000| Untracked 
|  94|0x0000000085e00000, 0x0000000085f00000, 0x0000000085f00000|100%| O|  |TAMS 0x0000000085f00000, 0x0000000085f00000| Untracked 
|  95|0x0000000085f00000, 0x0000000086000000, 0x0000000086000000|100%| O|  |TAMS 0x0000000086000000, 0x0000000086000000| Untracked 
|  96|0x0000000086000000, 0x0000000086100000, 0x0000000086100000|100%| O|  |TAMS 0x0000000086100000, 0x0000000086100000| Untracked 
|  97|0x0000000086100000, 0x0000000086200000, 0x0000000086200000|100%| O|  |TAMS 0x0000000086200000, 0x0000000086200000| Untracked 
|  98|0x0000000086200000, 0x0000000086300000, 0x0000000086300000|100%| O|  |TAMS 0x0000000086300000, 0x0000000086300000| Untracked 
|  99|0x0000000086300000, 0x0000000086400000, 0x0000000086400000|100%| O|  |TAMS 0x0000000086400000, 0x0000000086400000| Untracked 
| 100|0x0000000086400000, 0x0000000086400000, 0x0000000086500000|  0%| F|  |TAMS 0x0000000086400000, 0x0000000086400000| Untracked 
| 101|0x0000000086500000, 0x0000000086600000, 0x0000000086600000|100%| O|  |TAMS 0x0000000086600000, 0x0000000086600000| Untracked 
| 102|0x0000000086600000, 0x0000000086700000, 0x0000000086700000|100%| O|  |TAMS 0x0000000086700000, 0x0000000086700000| Untracked 
| 103|0x0000000086700000, 0x0000000086800000, 0x0000000086800000|100%| O|  |TAMS 0x0000000086800000, 0x0000000086800000| Untracked 
| 104|0x0000000086800000, 0x0000000086900000, 0x0000000086900000|100%| O|  |TAMS 0x0000000086900000, 0x0000000086900000| Untracked 
| 105|0x0000000086900000, 0x0000000086a00000, 0x0000000086a00000|100%| O|  |TAMS 0x0000000086a00000, 0x0000000086a00000| Untracked 
| 106|0x0000000086a00000, 0x0000000086b00000, 0x0000000086b00000|100%| O|  |TAMS 0x0000000086b00000, 0x0000000086b00000| Untracked 
| 107|0x0000000086b00000, 0x0000000086c00000, 0x0000000086c00000|100%| O|  |TAMS 0x0000000086c00000, 0x0000000086c00000| Untracked 
| 108|0x0000000086c00000, 0x0000000086d00000, 0x0000000086d00000|100%| O|  |TAMS 0x0000000086d00000, 0x0000000086d00000| Untracked 
| 109|0x0000000086d00000, 0x0000000086e00000, 0x0000000086e00000|100%| O|  |TAMS 0x0000000086e00000, 0x0000000086e00000| Untracked 
| 110|0x0000000086e00000, 0x0000000086f00000, 0x0000000086f00000|100%| O|  |TAMS 0x0000000086f00000, 0x0000000086f00000| Untracked 
| 111|0x0000000086f00000, 0x0000000086f00000, 0x0000000087000000|  0%| F|  |TAMS 0x0000000086f00000, 0x0000000086f00000| Untracked 
| 112|0x0000000087000000, 0x0000000087000000, 0x0000000087100000|  0%| F|  |TAMS 0x0000000087000000, 0x0000000087000000| Untracked 
| 113|0x0000000087100000, 0x0000000087100000, 0x0000000087200000|  0%| F|  |TAMS 0x0000000087100000, 0x0000000087100000| Untracked 
| 114|0x0000000087200000, 0x0000000087200000, 0x0000000087300000|  0%| F|  |TAMS 0x0000000087200000, 0x0000000087200000| Untracked 
| 115|0x0000000087300000, 0x0000000087300000, 0x0000000087400000|  0%| F|  |TAMS 0x0000000087300000, 0x0000000087300000| Untracked 
| 116|0x0000000087400000, 0x0000000087400000, 0x0000000087500000|  0%| F|  |TAMS 0x0000000087400000, 0x0000000087400000| Untracked 
| 117|0x0000000087500000, 0x0000000087600000, 0x0000000087600000|100%| O|  |TAMS 0x0000000087600000, 0x0000000087600000| Untracked 
| 118|0x0000000087600000, 0x0000000087700000, 0x0000000087700000|100%| O|  |TAMS 0x0000000087700000, 0x0000000087700000| Untracked 
| 119|0x0000000087700000, 0x0000000087800000, 0x0000000087800000|100%| O|  |TAMS 0x0000000087800000, 0x0000000087800000| Untracked 
| 120|0x0000000087800000, 0x0000000087900000, 0x0000000087900000|100%| O|  |TAMS 0x0000000087900000, 0x0000000087900000| Untracked 
| 121|0x0000000087900000, 0x0000000087a00000, 0x0000000087a00000|100%| O|  |TAMS 0x0000000087a00000, 0x0000000087a00000| Untracked 
| 122|0x0000000087a00000, 0x0000000087b00000, 0x0000000087b00000|100%| O|  |TAMS 0x0000000087b00000, 0x0000000087b00000| Untracked 
| 123|0x0000000087b00000, 0x0000000087c00000, 0x0000000087c00000|100%| O|  |TAMS 0x0000000087c00000, 0x0000000087c00000| Untracked 
| 124|0x0000000087c00000, 0x0000000087d00000, 0x0000000087d00000|100%| O|  |TAMS 0x0000000087d00000, 0x0000000087d00000| Untracked 
| 125|0x0000000087d00000, 0x0000000087e00000, 0x0000000087e00000|100%| O|  |TAMS 0x0000000087e00000, 0x0000000087e00000| Untracked 
| 126|0x0000000087e00000, 0x0000000087f00000, 0x0000000087f00000|100%| O|  |TAMS 0x0000000087f00000, 0x0000000087f00000| Untracked 
| 127|0x0000000087f00000, 0x0000000088000000, 0x0000000088000000|100%| O|  |TAMS 0x0000000088000000, 0x0000000088000000| Untracked 
| 128|0x0000000088000000, 0x0000000088100000, 0x0000000088100000|100%| O|  |TAMS 0x0000000088100000, 0x0000000088100000| Untracked 
| 129|0x0000000088100000, 0x0000000088200000, 0x0000000088200000|100%| O|  |TAMS 0x0000000088200000, 0x0000000088200000| Untracked 
| 130|0x0000000088200000, 0x0000000088300000, 0x0000000088300000|100%| O|  |TAMS 0x0000000088300000, 0x0000000088300000| Untracked 
| 131|0x0000000088300000, 0x0000000088400000, 0x0000000088400000|100%| O|  |TAMS 0x0000000088400000, 0x0000000088400000| Untracked 
| 132|0x0000000088400000, 0x0000000088500000, 0x0000000088500000|100%| O|  |TAMS 0x0000000088500000, 0x0000000088500000| Untracked 
| 133|0x0000000088500000, 0x0000000088600000, 0x0000000088600000|100%| O|  |TAMS 0x0000000088600000, 0x0000000088600000| Untracked 
| 134|0x0000000088600000, 0x0000000088600000, 0x0000000088700000|  0%| F|  |TAMS 0x0000000088600000, 0x0000000088600000| Untracked 
| 135|0x0000000088700000, 0x0000000088800000, 0x0000000088800000|100%| O|  |TAMS 0x0000000088800000, 0x0000000088800000| Untracked 
| 136|0x0000000088800000, 0x0000000088900000, 0x0000000088900000|100%| O|  |TAMS 0x0000000088900000, 0x0000000088900000| Untracked 
| 137|0x0000000088900000, 0x0000000088a00000, 0x0000000088a00000|100%| O|  |TAMS 0x0000000088a00000, 0x0000000088a00000| Untracked 
| 138|0x0000000088a00000, 0x0000000088b00000, 0x0000000088b00000|100%| O|  |TAMS 0x0000000088b00000, 0x0000000088b00000| Untracked 
| 139|0x0000000088b00000, 0x0000000088c00000, 0x0000000088c00000|100%| O|  |TAMS 0x0000000088c00000, 0x0000000088c00000| Untracked 
| 140|0x0000000088c00000, 0x0000000088d00000, 0x0000000088d00000|100%| O|  |TAMS 0x0000000088d00000, 0x0000000088d00000| Untracked 
| 141|0x0000000088d00000, 0x0000000088e00000, 0x0000000088e00000|100%| O|  |TAMS 0x0000000088e00000, 0x0000000088e00000| Untracked 
| 142|0x0000000088e00000, 0x0000000088e00000, 0x0000000088f00000|  0%| F|  |TAMS 0x0000000088e00000, 0x0000000088e00000| Untracked 
| 143|0x0000000088f00000, 0x0000000089000000, 0x0000000089000000|100%| O|  |TAMS 0x0000000089000000, 0x0000000089000000| Untracked 
| 144|0x0000000089000000, 0x0000000089100000, 0x0000000089100000|100%| O|  |TAMS 0x0000000089100000, 0x0000000089100000| Untracked 
| 145|0x0000000089100000, 0x0000000089200000, 0x0000000089200000|100%| O|  |TAMS 0x0000000089200000, 0x0000000089200000| Untracked 
| 146|0x0000000089200000, 0x0000000089300000, 0x0000000089300000|100%| O|  |TAMS 0x0000000089300000, 0x0000000089300000| Untracked 
| 147|0x0000000089300000, 0x0000000089400000, 0x0000000089400000|100%| O|  |TAMS 0x0000000089400000, 0x0000000089400000| Untracked 
| 148|0x0000000089400000, 0x0000000089500000, 0x0000000089500000|100%| O|  |TAMS 0x0000000089500000, 0x0000000089500000| Untracked 
| 149|0x0000000089500000, 0x0000000089600000, 0x0000000089600000|100%| O|  |TAMS 0x0000000089600000, 0x0000000089600000| Untracked 
| 150|0x0000000089600000, 0x0000000089600000, 0x0000000089700000|  0%| F|  |TAMS 0x0000000089600000, 0x0000000089600000| Untracked 
| 151|0x0000000089700000, 0x0000000089800000, 0x0000000089800000|100%| O|  |TAMS 0x0000000089800000, 0x0000000089800000| Untracked 
| 152|0x0000000089800000, 0x0000000089900000, 0x0000000089900000|100%| O|  |TAMS 0x0000000089900000, 0x0000000089900000| Untracked 
| 153|0x0000000089900000, 0x0000000089a00000, 0x0000000089a00000|100%| O|  |TAMS 0x0000000089a00000, 0x0000000089a00000| Untracked 
| 154|0x0000000089a00000, 0x0000000089b00000, 0x0000000089b00000|100%| O|  |TAMS 0x0000000089b00000, 0x0000000089b00000| Untracked 
| 155|0x0000000089b00000, 0x0000000089c00000, 0x0000000089c00000|100%| O|  |TAMS 0x0000000089c00000, 0x0000000089c00000| Untracked 
| 156|0x0000000089c00000, 0x0000000089c00000, 0x0000000089d00000|  0%| F|  |TAMS 0x0000000089c00000, 0x0000000089c00000| Untracked 
| 157|0x0000000089d00000, 0x0000000089e00000, 0x0000000089e00000|100%| O|  |TAMS 0x0000000089e00000, 0x0000000089e00000| Untracked 
| 158|0x0000000089e00000, 0x0000000089e00000, 0x0000000089f00000|  0%| F|  |TAMS 0x0000000089e00000, 0x0000000089e00000| Untracked 
| 159|0x0000000089f00000, 0x0000000089f00000, 0x000000008a000000|  0%| F|  |TAMS 0x0000000089f00000, 0x0000000089f00000| Untracked 
| 160|0x000000008a000000, 0x000000008a000000, 0x000000008a100000|  0%| F|  |TAMS 0x000000008a000000, 0x000000008a000000| Untracked 
| 161|0x000000008a100000, 0x000000008a100000, 0x000000008a200000|  0%| F|  |TAMS 0x000000008a100000, 0x000000008a100000| Untracked 
| 162|0x000000008a200000, 0x000000008a200000, 0x000000008a300000|  0%| F|  |TAMS 0x000000008a200000, 0x000000008a200000| Untracked 
| 163|0x000000008a300000, 0x000000008a300000, 0x000000008a400000|  0%| F|  |TAMS 0x000000008a300000, 0x000000008a300000| Untracked 
| 164|0x000000008a400000, 0x000000008a400000, 0x000000008a500000|  0%| F|  |TAMS 0x000000008a400000, 0x000000008a400000| Untracked 
| 165|0x000000008a500000, 0x000000008a500000, 0x000000008a600000|  0%| F|  |TAMS 0x000000008a500000, 0x000000008a500000| Untracked 
| 166|0x000000008a600000, 0x000000008a600000, 0x000000008a700000|  0%| F|  |TAMS 0x000000008a600000, 0x000000008a600000| Untracked 
| 167|0x000000008a700000, 0x000000008a700000, 0x000000008a800000|  0%| F|  |TAMS 0x000000008a700000, 0x000000008a700000| Untracked 
| 168|0x000000008a800000, 0x000000008a800000, 0x000000008a900000|  0%| F|  |TAMS 0x000000008a800000, 0x000000008a800000| Untracked 
| 169|0x000000008a900000, 0x000000008a900000, 0x000000008aa00000|  0%| F|  |TAMS 0x000000008a900000, 0x000000008a900000| Untracked 
| 170|0x000000008aa00000, 0x000000008aa00000, 0x000000008ab00000|  0%| F|  |TAMS 0x000000008aa00000, 0x000000008aa00000| Untracked 
| 171|0x000000008ab00000, 0x000000008ab00000, 0x000000008ac00000|  0%| F|  |TAMS 0x000000008ab00000, 0x000000008ab00000| Untracked 
| 172|0x000000008ac00000, 0x000000008ac00000, 0x000000008ad00000|  0%| F|  |TAMS 0x000000008ac00000, 0x000000008ac00000| Untracked 
| 173|0x000000008ad00000, 0x000000008ad00000, 0x000000008ae00000|  0%| F|  |TAMS 0x000000008ad00000, 0x000000008ad00000| Untracked 
| 174|0x000000008ae00000, 0x000000008ae00000, 0x000000008af00000|  0%| F|  |TAMS 0x000000008ae00000, 0x000000008ae00000| Untracked 
| 175|0x000000008af00000, 0x000000008af00000, 0x000000008b000000|  0%| F|  |TAMS 0x000000008af00000, 0x000000008af00000| Untracked 
| 176|0x000000008b000000, 0x000000008b000000, 0x000000008b100000|  0%| F|  |TAMS 0x000000008b000000, 0x000000008b000000| Untracked 
| 177|0x000000008b100000, 0x000000008b100000, 0x000000008b200000|  0%| F|  |TAMS 0x000000008b100000, 0x000000008b100000| Untracked 
| 178|0x000000008b200000, 0x000000008b200000, 0x000000008b300000|  0%| F|  |TAMS 0x000000008b200000, 0x000000008b200000| Untracked 
| 179|0x000000008b300000, 0x000000008b300000, 0x000000008b400000|  0%| F|  |TAMS 0x000000008b300000, 0x000000008b300000| Untracked 
| 180|0x000000008b400000, 0x000000008b415ac0, 0x000000008b500000|  8%| S|CS|TAMS 0x000000008b400000, 0x000000008b400000| Complete 
| 181|0x000000008b500000, 0x000000008b600000, 0x000000008b600000|100%| S|CS|TAMS 0x000000008b500000, 0x000000008b500000| Complete 
| 182|0x000000008b600000, 0x000000008b700000, 0x000000008b700000|100%| S|CS|TAMS 0x000000008b600000, 0x000000008b600000| Complete 
| 183|0x000000008b700000, 0x000000008b800000, 0x000000008b800000|100%| S|CS|TAMS 0x000000008b700000, 0x000000008b700000| Complete 
| 184|0x000000008b800000, 0x000000008b900000, 0x000000008b900000|100%| S|CS|TAMS 0x000000008b800000, 0x000000008b800000| Complete 
| 185|0x000000008b900000, 0x000000008ba00000, 0x000000008ba00000|100%| S|CS|TAMS 0x000000008b900000, 0x000000008b900000| Complete 
| 186|0x000000008ba00000, 0x000000008bb00000, 0x000000008bb00000|100%| S|CS|TAMS 0x000000008ba00000, 0x000000008ba00000| Complete 
| 187|0x000000008bb00000, 0x000000008bc00000, 0x000000008bc00000|100%| S|CS|TAMS 0x000000008bb00000, 0x000000008bb00000| Complete 
| 188|0x000000008bc00000, 0x000000008bc00000, 0x000000008bd00000|  0%| F|  |TAMS 0x000000008bc00000, 0x000000008bc00000| Untracked 
| 189|0x000000008bd00000, 0x000000008bd00000, 0x000000008be00000|  0%| F|  |TAMS 0x000000008bd00000, 0x000000008bd00000| Untracked 
| 190|0x000000008be00000, 0x000000008be00000, 0x000000008bf00000|  0%| F|  |TAMS 0x000000008be00000, 0x000000008be00000| Untracked 
| 191|0x000000008bf00000, 0x000000008bf00000, 0x000000008c000000|  0%| F|  |TAMS 0x000000008bf00000, 0x000000008bf00000| Untracked 
| 192|0x000000008c000000, 0x000000008c000000, 0x000000008c100000|  0%| F|  |TAMS 0x000000008c000000, 0x000000008c000000| Untracked 
| 193|0x000000008c100000, 0x000000008c100000, 0x000000008c200000|  0%| F|  |TAMS 0x000000008c100000, 0x000000008c100000| Untracked 
| 194|0x000000008c200000, 0x000000008c200000, 0x000000008c300000|  0%| F|  |TAMS 0x000000008c200000, 0x000000008c200000| Untracked 
| 195|0x000000008c300000, 0x000000008c300000, 0x000000008c400000|  0%| F|  |TAMS 0x000000008c300000, 0x000000008c300000| Untracked 
| 196|0x000000008c400000, 0x000000008c400000, 0x000000008c500000|  0%| F|  |TAMS 0x000000008c400000, 0x000000008c400000| Untracked 
| 197|0x000000008c500000, 0x000000008c500000, 0x000000008c600000|  0%| F|  |TAMS 0x000000008c500000, 0x000000008c500000| Untracked 
| 198|0x000000008c600000, 0x000000008c600000, 0x000000008c700000|  0%| F|  |TAMS 0x000000008c600000, 0x000000008c600000| Untracked 
| 199|0x000000008c700000, 0x000000008c700000, 0x000000008c800000|  0%| F|  |TAMS 0x000000008c700000, 0x000000008c700000| Untracked 
| 200|0x000000008c800000, 0x000000008c800000, 0x000000008c900000|  0%| F|  |TAMS 0x000000008c800000, 0x000000008c800000| Untracked 
| 201|0x000000008c900000, 0x000000008c900000, 0x000000008ca00000|  0%| F|  |TAMS 0x000000008c900000, 0x000000008c900000| Untracked 
| 202|0x000000008ca00000, 0x000000008ca00000, 0x000000008cb00000|  0%| F|  |TAMS 0x000000008ca00000, 0x000000008ca00000| Untracked 
| 203|0x000000008cb00000, 0x000000008cb00000, 0x000000008cc00000|  0%| F|  |TAMS 0x000000008cb00000, 0x000000008cb00000| Untracked 
| 204|0x000000008cc00000, 0x000000008cc00000, 0x000000008cd00000|  0%| F|  |TAMS 0x000000008cc00000, 0x000000008cc00000| Untracked 
| 205|0x000000008cd00000, 0x000000008cd00000, 0x000000008ce00000|  0%| F|  |TAMS 0x000000008cd00000, 0x000000008cd00000| Untracked 
| 206|0x000000008ce00000, 0x000000008ce00000, 0x000000008cf00000|  0%| F|  |TAMS 0x000000008ce00000, 0x000000008ce00000| Untracked 
| 207|0x000000008cf00000, 0x000000008cf00000, 0x000000008d000000|  0%| F|  |TAMS 0x000000008cf00000, 0x000000008cf00000| Untracked 
| 208|0x000000008d000000, 0x000000008d000000, 0x000000008d100000|  0%| F|  |TAMS 0x000000008d000000, 0x000000008d000000| Untracked 
| 209|0x000000008d100000, 0x000000008d100000, 0x000000008d200000|  0%| F|  |TAMS 0x000000008d100000, 0x000000008d100000| Untracked 
| 210|0x000000008d200000, 0x000000008d200000, 0x000000008d300000|  0%| F|  |TAMS 0x000000008d200000, 0x000000008d200000| Untracked 
| 211|0x000000008d300000, 0x000000008d300000, 0x000000008d400000|  0%| F|  |TAMS 0x000000008d300000, 0x000000008d300000| Untracked 
| 212|0x000000008d400000, 0x000000008d400000, 0x000000008d500000|  0%| F|  |TAMS 0x000000008d400000, 0x000000008d400000| Untracked 
| 213|0x000000008d500000, 0x000000008d500000, 0x000000008d600000|  0%| F|  |TAMS 0x000000008d500000, 0x000000008d500000| Untracked 
| 214|0x000000008d600000, 0x000000008d600000, 0x000000008d700000|  0%| F|  |TAMS 0x000000008d600000, 0x000000008d600000| Untracked 
| 215|0x000000008d700000, 0x000000008d700000, 0x000000008d800000|  0%| F|  |TAMS 0x000000008d700000, 0x000000008d700000| Untracked 
| 216|0x000000008d800000, 0x000000008d800000, 0x000000008d900000|  0%| F|  |TAMS 0x000000008d800000, 0x000000008d800000| Untracked 
| 217|0x000000008d900000, 0x000000008d900000, 0x000000008da00000|  0%| F|  |TAMS 0x000000008d900000, 0x000000008d900000| Untracked 
| 218|0x000000008da00000, 0x000000008da00000, 0x000000008db00000|  0%| F|  |TAMS 0x000000008da00000, 0x000000008da00000| Untracked 
| 219|0x000000008db00000, 0x000000008db00000, 0x000000008dc00000|  0%| F|  |TAMS 0x000000008db00000, 0x000000008db00000| Untracked 
| 220|0x000000008dc00000, 0x000000008dc00000, 0x000000008dd00000|  0%| F|  |TAMS 0x000000008dc00000, 0x000000008dc00000| Untracked 
| 221|0x000000008dd00000, 0x000000008dd00000, 0x000000008de00000|  0%| F|  |TAMS 0x000000008dd00000, 0x000000008dd00000| Untracked 
| 222|0x000000008de00000, 0x000000008de00000, 0x000000008df00000|  0%| F|  |TAMS 0x000000008de00000, 0x000000008de00000| Untracked 
| 223|0x000000008df00000, 0x000000008df00000, 0x000000008e000000|  0%| F|  |TAMS 0x000000008df00000, 0x000000008df00000| Untracked 
| 224|0x000000008e000000, 0x000000008e000000, 0x000000008e100000|  0%| F|  |TAMS 0x000000008e000000, 0x000000008e000000| Untracked 
| 225|0x000000008e100000, 0x000000008e100000, 0x000000008e200000|  0%| F|  |TAMS 0x000000008e100000, 0x000000008e100000| Untracked 
| 226|0x000000008e200000, 0x000000008e200000, 0x000000008e300000|  0%| F|  |TAMS 0x000000008e200000, 0x000000008e200000| Untracked 
| 227|0x000000008e300000, 0x000000008e300000, 0x000000008e400000|  0%| F|  |TAMS 0x000000008e300000, 0x000000008e300000| Untracked 
| 228|0x000000008e400000, 0x000000008e400000, 0x000000008e500000|  0%| F|  |TAMS 0x000000008e400000, 0x000000008e400000| Untracked 
| 229|0x000000008e500000, 0x000000008e500000, 0x000000008e600000|  0%| F|  |TAMS 0x000000008e500000, 0x000000008e500000| Untracked 
| 230|0x000000008e600000, 0x000000008e600000, 0x000000008e700000|  0%| F|  |TAMS 0x000000008e600000, 0x000000008e600000| Untracked 
| 231|0x000000008e700000, 0x000000008e700000, 0x000000008e800000|  0%| F|  |TAMS 0x000000008e700000, 0x000000008e700000| Untracked 
| 232|0x000000008e800000, 0x000000008e800000, 0x000000008e900000|  0%| F|  |TAMS 0x000000008e800000, 0x000000008e800000| Untracked 
| 233|0x000000008e900000, 0x000000008e900000, 0x000000008ea00000|  0%| F|  |TAMS 0x000000008e900000, 0x000000008e900000| Untracked 
| 234|0x000000008ea00000, 0x000000008ea00000, 0x000000008eb00000|  0%| F|  |TAMS 0x000000008ea00000, 0x000000008ea00000| Untracked 
| 235|0x000000008eb00000, 0x000000008eb00000, 0x000000008ec00000|  0%| F|  |TAMS 0x000000008eb00000, 0x000000008eb00000| Untracked 
| 236|0x000000008ec00000, 0x000000008ec00000, 0x000000008ed00000|  0%| F|  |TAMS 0x000000008ec00000, 0x000000008ec00000| Untracked 
| 237|0x000000008ed00000, 0x000000008ed00000, 0x000000008ee00000|  0%| F|  |TAMS 0x000000008ed00000, 0x000000008ed00000| Untracked 
| 238|0x000000008ee00000, 0x000000008ee00000, 0x000000008ef00000|  0%| F|  |TAMS 0x000000008ee00000, 0x000000008ee00000| Untracked 
| 239|0x000000008ef00000, 0x000000008ef00000, 0x000000008f000000|  0%| F|  |TAMS 0x000000008ef00000, 0x000000008ef00000| Untracked 
| 240|0x000000008f000000, 0x000000008f000000, 0x000000008f100000|  0%| F|  |TAMS 0x000000008f000000, 0x000000008f000000| Untracked 
| 241|0x000000008f100000, 0x000000008f100000, 0x000000008f200000|  0%| F|  |TAMS 0x000000008f100000, 0x000000008f100000| Untracked 
| 242|0x000000008f200000, 0x000000008f200000, 0x000000008f300000|  0%| F|  |TAMS 0x000000008f200000, 0x000000008f200000| Untracked 
| 243|0x000000008f300000, 0x000000008f300000, 0x000000008f400000|  0%| F|  |TAMS 0x000000008f300000, 0x000000008f300000| Untracked 
| 244|0x000000008f400000, 0x000000008f400000, 0x000000008f500000|  0%| F|  |TAMS 0x000000008f400000, 0x000000008f400000| Untracked 
| 245|0x000000008f500000, 0x000000008f500000, 0x000000008f600000|  0%| F|  |TAMS 0x000000008f500000, 0x000000008f500000| Untracked 
| 246|0x000000008f600000, 0x000000008f600000, 0x000000008f700000|  0%| F|  |TAMS 0x000000008f600000, 0x000000008f600000| Untracked 
| 247|0x000000008f700000, 0x000000008f700000, 0x000000008f800000|  0%| F|  |TAMS 0x000000008f700000, 0x000000008f700000| Untracked 
| 248|0x000000008f800000, 0x000000008f800000, 0x000000008f900000|  0%| F|  |TAMS 0x000000008f800000, 0x000000008f800000| Untracked 
| 249|0x000000008f900000, 0x000000008f900000, 0x000000008fa00000|  0%| F|  |TAMS 0x000000008f900000, 0x000000008f900000| Untracked 
| 250|0x000000008fa00000, 0x000000008fa00000, 0x000000008fb00000|  0%| F|  |TAMS 0x000000008fa00000, 0x000000008fa00000| Untracked 
| 251|0x000000008fb00000, 0x000000008fb00000, 0x000000008fc00000|  0%| F|  |TAMS 0x000000008fb00000, 0x000000008fb00000| Untracked 
| 252|0x000000008fc00000, 0x000000008fc00000, 0x000000008fd00000|  0%| F|  |TAMS 0x000000008fc00000, 0x000000008fc00000| Untracked 
| 253|0x000000008fd00000, 0x000000008fd00000, 0x000000008fe00000|  0%| F|  |TAMS 0x000000008fd00000, 0x000000008fd00000| Untracked 
| 254|0x000000008fe00000, 0x000000008fe80800, 0x000000008ff00000| 50%| E|  |TAMS 0x000000008fe00000, 0x000000008fe00000| Complete 
| 255|0x000000008ff00000, 0x0000000090000000, 0x0000000090000000|100%| E|CS|TAMS 0x000000008ff00000, 0x000000008ff00000| Complete 
| 256|0x0000000090000000, 0x0000000090100000, 0x0000000090100000|100%| E|CS|TAMS 0x0000000090000000, 0x0000000090000000| Complete 
| 257|0x0000000090100000, 0x0000000090200000, 0x0000000090200000|100%| E|CS|TAMS 0x0000000090100000, 0x0000000090100000| Complete 
| 258|0x0000000090200000, 0x0000000090300000, 0x0000000090300000|100%| E|CS|TAMS 0x0000000090200000, 0x0000000090200000| Complete 
| 259|0x0000000090300000, 0x0000000090400000, 0x0000000090400000|100%| E|CS|TAMS 0x0000000090300000, 0x0000000090300000| Complete 
| 260|0x0000000090400000, 0x0000000090500000, 0x0000000090500000|100%| E|CS|TAMS 0x0000000090400000, 0x0000000090400000| Complete 
| 261|0x0000000090500000, 0x0000000090600000, 0x0000000090600000|100%| E|CS|TAMS 0x0000000090500000, 0x0000000090500000| Complete 
| 262|0x0000000090600000, 0x0000000090700000, 0x0000000090700000|100%| E|CS|TAMS 0x0000000090600000, 0x0000000090600000| Complete 
| 263|0x0000000090700000, 0x0000000090800000, 0x0000000090800000|100%| E|CS|TAMS 0x0000000090700000, 0x0000000090700000| Complete 

Card table byte_map: [0x00000127213d0000,0x00000127217d0000] _byte_map_base: 0x0000012720fd0000

Marking Bits (Prev, Next): (CMBitMap*) 0x000001270e5200d0, (CMBitMap*) 0x000001270e520098
 Prev Bits: [0x0000012723bd0000, 0x0000012725bd0000)
 Next Bits: [0x0000012721bd0000, 0x0000012723bd0000)

Polling page: 0x000001270c390000

Metaspace:

Usage:
  Non-class:    123.07 MB capacity,   120.73 MB ( 98%) used,     1.98 MB (  2%) free+waste,   356.50 KB ( <1%) overhead. 
      Class:     18.37 MB capacity,    17.15 MB ( 93%) used,     1.06 MB (  6%) free+waste,   161.06 KB ( <1%) overhead. 
       Both:    141.43 MB capacity,   137.88 MB ( 97%) used,     3.04 MB (  2%) free+waste,   517.56 KB ( <1%) overhead. 

Virtual space:
  Non-class space:      124.00 MB reserved,     123.25 MB (>99%) committed 
      Class space:        1.00 GB reserved,      18.38 MB (  2%) committed 
             Both:        1.12 GB reserved,     141.63 MB ( 12%) committed 

Chunk freelists:
   Non-Class:  61.00 KB
       Class:  9.00 KB
        Both:  70.00 KB

MaxMetaspaceSize: 17179869184.00 GB
CompressedClassSpaceSize: 1.00 GB

CodeHeap 'non-profiled nmethods': size=120064Kb used=10811Kb max_used=10811Kb free=109252Kb
 bounds [0x0000012719a90000, 0x000001271a520000, 0x0000012720fd0000]
CodeHeap 'profiled nmethods': size=120000Kb used=34472Kb max_used=34472Kb free=85528Kb
 bounds [0x0000012712560000, 0x0000012714710000, 0x0000012719a90000]
CodeHeap 'non-nmethods': size=5696Kb used=2315Kb max_used=2379Kb free=3380Kb
 bounds [0x0000012711fd0000, 0x0000012712240000, 0x0000012712560000]
 total_blobs=16187 nmethods=15267 adapters=831
 compilation: enabled
              stopped_count=0, restarted_count=0
 full_count=0

Compilation events (20 events):
Event: 4758.746 Thread 0x00000127280dd800 nmethod 15374 0x0000012714703a90 code [0x0000012714703ce0, 0x0000012714704688]
Event: 4758.769 Thread 0x00000127280dd800 15376       3       org.objectweb.asm.Type::<init> (26 bytes)
Event: 4758.770 Thread 0x00000127280dd800 nmethod 15376 0x0000012714704a90 code [0x0000012714704c40, 0x0000012714704df8]
Event: 4758.770 Thread 0x00000127280dd800 15377       3       org.objectweb.asm.Type::getTypeInternal (199 bytes)
Event: 4758.771 Thread 0x00000127280dd800 nmethod 15377 0x0000012714704e90 code [0x0000012714705120, 0x0000012714705f08]
Event: 4758.771 Thread 0x00000127280dd800 15378       3       org.objectweb.asm.SymbolTable::get (13 bytes)
Event: 4758.771 Thread 0x00000127280dd800 nmethod 15378 0x0000012714706390 code [0x0000012714706540, 0x0000012714706698]
Event: 4758.772 Thread 0x00000127280dd800 15379       3       org.objectweb.asm.SymbolTable::hash (10 bytes)
Event: 4758.772 Thread 0x00000127280dd800 nmethod 15379 0x0000012714706790 code [0x0000012714706940, 0x0000012714706a68]
Event: 4758.773 Thread 0x00000127280dd800 15380       3       org.objectweb.asm.Type::equals (147 bytes)
Event: 4758.774 Thread 0x00000127280dd800 nmethod 15380 0x0000012714706b90 code [0x0000012714706e40, 0x0000012714707e98]
Event: 4758.776 Thread 0x00000127280dd800 15381       3       org.objectweb.asm.SymbolTable::addConstantUtf8 (98 bytes)
Event: 4758.777 Thread 0x00000127280dd800 nmethod 15381 0x0000012714708490 code [0x00000127147086e0, 0x0000012714708d78]
Event: 4758.777 Thread 0x00000127280dd800 15382       3       org.objectweb.asm.ByteVector::putShort (52 bytes)
Event: 4758.777 Thread 0x00000127280dd800 nmethod 15382 0x0000012714709110 code [0x00000127147092e0, 0x00000127147094e8]
Event: 4758.780 Thread 0x0000012728a50800 15383       4       org.gradle.internal.reflect.MethodSet::shouldReplace (45 bytes)
Event: 4758.781 Thread 0x0000012728a50800 nmethod 15383 0x000001271a51ec10 code [0x000001271a51eda0, 0x000001271a51ee58]
Event: 4758.781 Thread 0x0000012728a50800 15384       4       org.gradle.internal.reflect.MethodSet::add (50 bytes)
Event: 4758.849 Thread 0x00000127280dd800 15385       3       sun.reflect.generics.parser.SignatureParser::parseClassSignature (37 bytes)
Event: 4758.850 Thread 0x00000127280dd800 nmethod 15385 0x0000012714709610 code [0x0000012714709820, 0x0000012714709df8]

GC Heap History (20 events):
Event: 3081.911 GC heap before
{Heap before GC invocations=30 (full 0):
 garbage-first heap   total 270336K, used 200636K [0x0000000080000000, 0x0000000100000000)
  region size 1024K, 83 young (84992K), 7 survivors (7168K)
 Metaspace       used 102601K, capacity 105684K, committed 105984K, reserved 1140736K
  class space    used 12827K, capacity 13933K, committed 14080K, reserved 1048576K
}
Event: 3081.957 GC heap after
{Heap after GC invocations=31 (full 0):
 garbage-first heap   total 270336K, used 126550K [0x0000000080000000, 0x0000000100000000)
  region size 1024K, 6 young (6144K), 6 survivors (6144K)
 Metaspace       used 102601K, capacity 105684K, committed 105984K, reserved 1140736K
  class space    used 12827K, capacity 13933K, committed 14080K, reserved 1048576K
}
Event: 3084.888 GC heap before
{Heap before GC invocations=31 (full 0):
 garbage-first heap   total 270336K, used 219734K [0x0000000080000000, 0x0000000100000000)
  region size 1024K, 97 young (99328K), 6 survivors (6144K)
 Metaspace       used 113830K, capacity 116975K, committed 117248K, reserved 1150976K
  class space    used 14176K, capacity 15311K, committed 15360K, reserved 1048576K
}
Event: 3084.908 GC heap after
{Heap after GC invocations=32 (full 0):
 garbage-first heap   total 270336K, used 131373K [0x0000000080000000, 0x0000000100000000)
  region size 1024K, 11 young (11264K), 11 survivors (11264K)
 Metaspace       used 113830K, capacity 116975K, committed 117248K, reserved 1150976K
  class space    used 14176K, capacity 15311K, committed 15360K, reserved 1048576K
}
Event: 3086.987 GC heap before
{Heap before GC invocations=32 (full 0):
 garbage-first heap   total 270336K, used 221485K [0x0000000080000000, 0x0000000100000000)
  region size 1024K, 99 young (101376K), 11 survivors (11264K)
 Metaspace       used 119678K, capacity 122927K, committed 123136K, reserved 1157120K
  class space    used 15125K, capacity 16297K, committed 16384K, reserved 1048576K
}
Event: 3087.014 GC heap after
{Heap after GC invocations=33 (full 0):
 garbage-first heap   total 270336K, used 138677K [0x0000000080000000, 0x0000000100000000)
  region size 1024K, 13 young (13312K), 13 survivors (13312K)
 Metaspace       used 119678K, capacity 122927K, committed 123136K, reserved 1157120K
  class space    used 15125K, capacity 16297K, committed 16384K, reserved 1048576K
}
Event: 3089.461 GC heap before
{Heap before GC invocations=33 (full 0):
 garbage-first heap   total 270336K, used 220597K [0x0000000080000000, 0x0000000100000000)
  region size 1024K, 94 young (96256K), 13 survivors (13312K)
 Metaspace       used 125768K, capacity 129121K, committed 129280K, reserved 1161216K
  class space    used 15854K, capacity 17052K, committed 17152K, reserved 1048576K
}
Event: 3089.531 GC heap after
{Heap after GC invocations=34 (full 0):
 garbage-first heap   total 270336K, used 146432K [0x0000000080000000, 0x0000000100000000)
  region size 1024K, 8 young (8192K), 8 survivors (8192K)
 Metaspace       used 125768K, capacity 129121K, committed 129280K, reserved 1161216K
  class space    used 15854K, capacity 17052K, committed 17152K, reserved 1048576K
}
Event: 3091.113 GC heap before
{Heap before GC invocations=35 (full 0):
 garbage-first heap   total 270336K, used 222208K [0x0000000080000000, 0x0000000100000000)
  region size 1024K, 83 young (84992K), 8 survivors (8192K)
 Metaspace       used 125411K, capacity 128450K, committed 129536K, reserved 1161216K
  class space    used 15735K, capacity 16808K, committed 17152K, reserved 1048576K
}
Event: 3091.147 GC heap after
{Heap after GC invocations=36 (full 0):
 garbage-first heap   total 270336K, used 154006K [0x0000000080000000, 0x0000000100000000)
  region size 1024K, 8 young (8192K), 8 survivors (8192K)
 Metaspace       used 125411K, capacity 128450K, committed 129536K, reserved 1161216K
  class space    used 15735K, capacity 16808K, committed 17152K, reserved 1048576K
}
Event: 3091.219 GC heap before
{Heap before GC invocations=36 (full 0):
 garbage-first heap   total 270336K, used 158102K [0x0000000080000000, 0x0000000100000000)
  region size 1024K, 13 young (13312K), 8 survivors (8192K)
 Metaspace       used 125411K, capacity 128450K, committed 129536K, reserved 1161216K
  class space    used 15735K, capacity 16808K, committed 17152K, reserved 1048576K
}
Event: 3091.275 GC heap after
{Heap after GC invocations=37 (full 0):
 garbage-first heap   total 270336K, used 143718K [0x0000000080000000, 0x0000000100000000)
  region size 1024K, 2 young (2048K), 2 survivors (2048K)
 Metaspace       used 125411K, capacity 128450K, committed 129536K, reserved 1161216K
  class space    used 15735K, capacity 16808K, committed 17152K, reserved 1048576K
}
Event: 3093.540 GC heap before
{Heap before GC invocations=37 (full 0):
 garbage-first heap   total 270336K, used 220518K [0x0000000080000000, 0x0000000100000000)
  region size 1024K, 78 young (79872K), 2 survivors (2048K)
 Metaspace       used 129052K, capacity 132212K, committed 132736K, reserved 1165312K
  class space    used 16257K, capacity 17414K, committed 17536K, reserved 1048576K
}
Event: 3093.556 GC heap after
{Heap after GC invocations=38 (full 0):
 garbage-first heap   total 270336K, used 148797K [0x0000000080000000, 0x0000000100000000)
  region size 1024K, 7 young (7168K), 7 survivors (7168K)
 Metaspace       used 129052K, capacity 132212K, committed 132736K, reserved 1165312K
  class space    used 16257K, capacity 17414K, committed 17536K, reserved 1048576K
}
Event: 4514.860 GC heap before
{Heap before GC invocations=39 (full 0):
 garbage-first heap   total 270336K, used 222525K [0x0000000080000000, 0x0000000100000000)
  region size 1024K, 80 young (81920K), 7 survivors (7168K)
 Metaspace       used 132509K, capacity 135831K, committed 136064K, reserved 1167360K
  class space    used 16531K, capacity 17721K, committed 17792K, reserved 1048576K
}
Event: 4514.879 GC heap after
{Heap after GC invocations=40 (full 0):
 garbage-first heap   total 270336K, used 152139K [0x0000000080000000, 0x0000000100000000)
  region size 1024K, 4 young (4096K), 4 survivors (4096K)
 Metaspace       used 132509K, capacity 135831K, committed 136064K, reserved 1167360K
  class space    used 16531K, capacity 17721K, committed 17792K, reserved 1048576K
}
Event: 4756.736 GC heap before
{Heap before GC invocations=40 (full 0):
 garbage-first heap   total 270336K, used 160331K [0x0000000080000000, 0x0000000100000000)
  region size 1024K, 13 young (13312K), 4 survivors (4096K)
 Metaspace       used 132606K, capacity 135898K, committed 136064K, reserved 1167360K
  class space    used 16551K, capacity 17739K, committed 17792K, reserved 1048576K
}
Event: 4756.761 GC heap after
{Heap after GC invocations=41 (full 0):
 garbage-first heap   total 270336K, used 148157K [0x0000000080000000, 0x0000000100000000)
  region size 1024K, 2 young (2048K), 2 survivors (2048K)
 Metaspace       used 132606K, capacity 135898K, committed 136064K, reserved 1167360K
  class space    used 16551K, capacity 17739K, committed 17792K, reserved 1048576K
}
Event: 4758.560 GC heap before
{Heap before GC invocations=41 (full 0):
 garbage-first heap   total 270336K, used 222909K [0x0000000080000000, 0x0000000100000000)
  region size 1024K, 76 young (77824K), 2 survivors (2048K)
 Metaspace       used 140185K, capacity 143827K, committed 144000K, reserved 1175552K
  class space    used 17433K, capacity 18710K, committed 18816K, reserved 1048576K
}
Event: 4758.587 GC heap after
{Heap after GC invocations=42 (full 0):
 garbage-first heap   total 270336K, used 154221K [0x0000000080000000, 0x0000000100000000)
  region size 1024K, 8 young (8192K), 8 survivors (8192K)
 Metaspace       used 140185K, capacity 143827K, committed 144000K, reserved 1175552K
  class space    used 17433K, capacity 18710K, committed 18816K, reserved 1048576K
}

Deoptimization events (20 events):
Event: 4757.348 Thread 0x0000012730859800 DEOPT PACKING pc=0x000001271a4dfb28 sp=0x000000105bff8710
Event: 4757.348 Thread 0x0000012730859800 DEOPT UNPACKING pc=0x0000012711ff65af sp=0x000000105bff8718 mode 2
Event: 4757.362 Thread 0x000001273085d800 Uncommon trap: trap_request=0xffffffd6 fr.pc=0x000001271a47c4e4 relative=0x00000000000036a4
Event: 4757.362 Thread 0x000001273085d800 Uncommon trap: reason=array_check action=maybe_recompile pc=0x000001271a47c4e4 method=java.util.ComparableTimSort.binarySort([Ljava/lang/Object;III)V @ 215 c2
Event: 4757.362 Thread 0x000001273085d800 DEOPT PACKING pc=0x000001271a47c4e4 sp=0x000000105c2fc2c0
Event: 4757.362 Thread 0x000001273085d800 DEOPT UNPACKING pc=0x0000012711ff65af sp=0x000000105c2fc2f0 mode 2
Event: 4757.367 Thread 0x000001273085d800 Uncommon trap: trap_request=0xffffffd6 fr.pc=0x000001271a47c4e4 relative=0x00000000000036a4
Event: 4757.367 Thread 0x000001273085d800 Uncommon trap: reason=array_check action=maybe_recompile pc=0x000001271a47c4e4 method=java.util.ComparableTimSort.binarySort([Ljava/lang/Object;III)V @ 215 c2
Event: 4757.367 Thread 0x000001273085d800 DEOPT PACKING pc=0x000001271a47c4e4 sp=0x000000105c2fc5b0
Event: 4757.367 Thread 0x000001273085d800 DEOPT UNPACKING pc=0x0000012711ff65af sp=0x000000105c2fc5e0 mode 2
Event: 4757.372 Thread 0x000001273085d800 Uncommon trap: trap_request=0xffffff4d fr.pc=0x000001271a48b1d4 relative=0x0000000000005174
Event: 4757.372 Thread 0x000001273085d800 Uncommon trap: reason=unstable_if action=reinterpret pc=0x000001271a48b1d4 method=java.io.ObjectOutputStream.writeOrdinaryObject(Ljava/lang/Object;Ljava/io/ObjectStreamClass;Z)V @ 113 c2
Event: 4757.372 Thread 0x000001273085d800 DEOPT PACKING pc=0x000001271a48b1d4 sp=0x000000105c2fe390
Event: 4757.372 Thread 0x000001273085d800 DEOPT UNPACKING pc=0x0000012711ff65af sp=0x000000105c2fe320 mode 2
Event: 4758.587 Thread 0x0000012728b92000 Uncommon trap: trap_request=0xffffffde fr.pc=0x0000012719d761ec relative=0x000000000000052c
Event: 4758.587 Thread 0x0000012728b92000 Uncommon trap: reason=class_check action=maybe_recompile pc=0x0000012719d761ec method=jdk.internal.ref.PhantomCleanable.clean()V @ 12 c2
Event: 4758.587 Thread 0x0000012728b92000 DEOPT PACKING pc=0x0000012719d761ec sp=0x000000105b8ff480
Event: 4758.587 Thread 0x0000012728b92000 DEOPT UNPACKING pc=0x0000012711ff65af sp=0x000000105b8ff460 mode 2
Event: 4758.634 Thread 0x0000012730859800 DEOPT PACKING pc=0x000001271444f1f6 sp=0x000000105bff74b0
Event: 4758.634 Thread 0x0000012730859800 DEOPT UNPACKING pc=0x0000012711ff6d5e sp=0x000000105bff69d0 mode 0

Classes redefined (0 events):
No events

Internal exceptions (20 events):
Event: 4757.433 Thread 0x0000012730859800 Exception <a 'java/security/PrivilegedActionException'{0x000000008ef190b8}> (0x000000008ef190b8) thrown at [./src/hotspot/share/prims/jvm.cpp, line 1306]
Event: 4757.433 Thread 0x0000012730859800 Exception <a 'java/security/PrivilegedActionException'{0x000000008ef1c3c8}> (0x000000008ef1c3c8) thrown at [./src/hotspot/share/prims/jvm.cpp, line 1306]
Event: 4757.433 Thread 0x0000012730859800 Exception <a 'java/security/PrivilegedActionException'{0x000000008ef1d930}> (0x000000008ef1d930) thrown at [./src/hotspot/share/prims/jvm.cpp, line 1306]
Event: 4757.433 Thread 0x0000012730859800 Exception <a 'java/security/PrivilegedActionException'{0x000000008ef20c98}> (0x000000008ef20c98) thrown at [./src/hotspot/share/prims/jvm.cpp, line 1306]
Event: 4757.434 Thread 0x0000012730859800 Exception <a 'java/security/PrivilegedActionException'{0x000000008ef22200}> (0x000000008ef22200) thrown at [./src/hotspot/share/prims/jvm.cpp, line 1306]
Event: 4757.434 Thread 0x0000012730859800 Exception <a 'java/security/PrivilegedActionException'{0x000000008ef25490}> (0x000000008ef25490) thrown at [./src/hotspot/share/prims/jvm.cpp, line 1306]
Event: 4757.434 Thread 0x0000012730859800 Exception <a 'java/security/PrivilegedActionException'{0x000000008ef269f8}> (0x000000008ef269f8) thrown at [./src/hotspot/share/prims/jvm.cpp, line 1306]
Event: 4757.448 Thread 0x0000012730859800 Exception <a 'java/security/PrivilegedActionException'{0x000000008ef92800}> (0x000000008ef92800) thrown at [./src/hotspot/share/prims/jvm.cpp, line 1306]
Event: 4757.448 Thread 0x0000012730859800 Exception <a 'java/security/PrivilegedActionException'{0x000000008ef93d68}> (0x000000008ef93d68) thrown at [./src/hotspot/share/prims/jvm.cpp, line 1306]
Event: 4757.448 Thread 0x0000012730859800 Exception <a 'java/security/PrivilegedActionException'{0x000000008ef97288}> (0x000000008ef97288) thrown at [./src/hotspot/share/prims/jvm.cpp, line 1306]
Event: 4757.448 Thread 0x0000012730859800 Exception <a 'java/security/PrivilegedActionException'{0x000000008ef987f0}> (0x000000008ef987f0) thrown at [./src/hotspot/share/prims/jvm.cpp, line 1306]
Event: 4757.449 Thread 0x0000012730859800 Exception <a 'java/security/PrivilegedActionException'{0x000000008ef9bbb8}> (0x000000008ef9bbb8) thrown at [./src/hotspot/share/prims/jvm.cpp, line 1306]
Event: 4757.449 Thread 0x0000012730859800 Exception <a 'java/security/PrivilegedActionException'{0x000000008ef9d120}> (0x000000008ef9d120) thrown at [./src/hotspot/share/prims/jvm.cpp, line 1306]
Event: 4757.449 Thread 0x0000012730859800 Exception <a 'java/security/PrivilegedActionException'{0x000000008efa03f0}> (0x000000008efa03f0) thrown at [./src/hotspot/share/prims/jvm.cpp, line 1306]
Event: 4757.449 Thread 0x0000012730859800 Exception <a 'java/security/PrivilegedActionException'{0x000000008efa1958}> (0x000000008efa1958) thrown at [./src/hotspot/share/prims/jvm.cpp, line 1306]
Event: 4757.449 Thread 0x0000012730859800 Exception <a 'java/security/PrivilegedActionException'{0x000000008efa4c68}> (0x000000008efa4c68) thrown at [./src/hotspot/share/prims/jvm.cpp, line 1306]
Event: 4757.450 Thread 0x0000012730859800 Exception <a 'java/security/PrivilegedActionException'{0x000000008efa61d0}> (0x000000008efa61d0) thrown at [./src/hotspot/share/prims/jvm.cpp, line 1306]
Event: 4757.450 Thread 0x0000012730859800 Exception <a 'java/security/PrivilegedActionException'{0x000000008efa9598}> (0x000000008efa9598) thrown at [./src/hotspot/share/prims/jvm.cpp, line 1306]
Event: 4757.450 Thread 0x0000012730859800 Exception <a 'java/security/PrivilegedActionException'{0x000000008efaab00}> (0x000000008efaab00) thrown at [./src/hotspot/share/prims/jvm.cpp, line 1306]
Event: 4758.632 Thread 0x0000012730859800 Exception <a 'sun/nio/fs/WindowsException'{0x00000000905f8c48}> (0x00000000905f8c48) thrown at [./src/hotspot/share/prims/jni.cpp, line 615]

Events (20 events):
Event: 4758.515 loading class org/gradle/api/invocation/Gradle done
Event: 4758.515 loading class org/gradle/api/Action
Event: 4758.515 loading class org/gradle/api/Action done
Event: 4758.516 loading class com/android/build/gradle/internal/SdkComponentsBuildService
Event: 4758.516 loading class com/android/build/gradle/internal/SdkComponentsBuildService done
Event: 4758.516 loading class com/android/build/gradle/internal/SdkComponentsBuildService
Event: 4758.516 loading class com/android/build/gradle/internal/SdkComponentsBuildService done
Event: 4758.516 loading class com/android/build/gradle/internal/scope/GlobalScope
Event: 4758.516 loading class com/android/build/gradle/internal/scope/GlobalScope done
Event: 4758.517 loading class org/gradle/api/provider/Provider
Event: 4758.517 loading class org/gradle/api/provider/Provider done
Event: 4758.517 loading class com/android/build/gradle/internal/SdkComponentsBuildService$VersionedSdkLoader
Event: 4758.517 loading class com/android/build/gradle/internal/SdkComponentsBuildService$VersionedSdkLoader done
Event: 4758.517 loading class org/gradle/api/Transformer
Event: 4758.517 loading class org/gradle/api/Transformer done
Event: 4758.517 loading class com/android/build/gradle/internal/plugins/BasePlugin
Event: 4758.517 loading class com/android/build/gradle/internal/plugins/BasePlugin done
Event: 4758.560 Executing VM operation: G1CollectForAllocation
Event: 4758.587 Executing VM operation: G1CollectForAllocation done
Event: 4758.876 Executing VM operation: CGC_Operation


Dynamic libraries:
0x00007ff6b58e0000 - 0x00007ff6b58ea000 	C:\Program Files\Android\Android Studio\jre\bin\java.exe
0x00007ffb22030000 - 0x00007ffb2221d000 	C:\Windows\SYSTEM32\ntdll.dll
0x00007ffb1fe40000 - 0x00007ffb1fef3000 	C:\Windows\System32\KERNEL32.DLL
0x00007ffb1e620000 - 0x00007ffb1e8b5000 	C:\Windows\System32\KERNELBASE.dll
0x00007ffb1e380000 - 0x00007ffb1e47a000 	C:\Windows\System32\ucrtbase.dll
0x00007ffb17b30000 - 0x00007ffb17b47000 	C:\Program Files\Android\Android Studio\jre\bin\VCRUNTIME140.dll
0x00007ffb17060000 - 0x00007ffb17079000 	C:\Program Files\Android\Android Studio\jre\bin\jli.dll
0x00007ffb1f780000 - 0x00007ffb1f917000 	C:\Windows\System32\USER32.dll
0x00007ffb1f1c0000 - 0x00007ffb1f1e0000 	C:\Windows\System32\win32u.dll
0x00007ffb18890000 - 0x00007ffb18b09000 	C:\Windows\WinSxS\amd64_microsoft.windows.common-controls_6595b64144ccf1df_6.0.17763.1935_none_de70702c534c0c76\COMCTL32.dll
0x00007ffb20380000 - 0x00007ffb203a9000 	C:\Windows\System32\GDI32.dll
0x00007ffb21d20000 - 0x00007ffb21dbe000 	C:\Windows\System32\msvcrt.dll
0x00007ffb1e480000 - 0x00007ffb1e61c000 	C:\Windows\System32\gdi32full.dll
0x00007ffb219f0000 - 0x00007ffb21d1d000 	C:\Windows\System32\combase.dll
0x00007ffb1f660000 - 0x00007ffb1f77f000 	C:\Windows\System32\RPCRT4.dll
0x00007ffb1e0f0000 - 0x00007ffb1e190000 	C:\Windows\System32\msvcp_win.dll
0x00007ffb1f1e0000 - 0x00007ffb1f25f000 	C:\Windows\System32\bcryptPrimitives.dll
0x00007ffb1fe10000 - 0x00007ffb1fe3e000 	C:\Windows\System32\IMM32.DLL
0x00007ffb0ce80000 - 0x00007ffb0cf1d000 	C:\Program Files\Android\Android Studio\jre\bin\msvcp140.dll
0x00007ffae5920000 - 0x00007ffae63f5000 	C:\Program Files\Android\Android Studio\jre\bin\server\jvm.dll
0x00007ffb21ef0000 - 0x00007ffb21f93000 	C:\Windows\System32\ADVAPI32.dll
0x00007ffb1f260000 - 0x00007ffb1f2fe000 	C:\Windows\System32\sechost.dll
0x00007ffb1f4a0000 - 0x00007ffb1f4a8000 	C:\Windows\System32\PSAPI.DLL
0x00007ffb12ef0000 - 0x00007ffb12f14000 	C:\Windows\SYSTEM32\WINMM.dll
0x00007ffb190f0000 - 0x00007ffb190f9000 	C:\Windows\SYSTEM32\WSOCK32.dll
0x00007ffb1f360000 - 0x00007ffb1f3cd000 	C:\Windows\System32\WS2_32.dll
0x00007ffb150c0000 - 0x00007ffb150ca000 	C:\Windows\SYSTEM32\VERSION.dll
0x00007ffb12ec0000 - 0x00007ffb12eed000 	C:\Windows\SYSTEM32\WINMMBASE.dll
0x00007ffb1f110000 - 0x00007ffb1f15a000 	C:\Windows\System32\cfgmgr32.dll
0x00007ffb1e020000 - 0x00007ffb1e031000 	C:\Windows\System32\kernel.appcore.dll
0x00007ffb17120000 - 0x00007ffb17131000 	C:\Program Files\Android\Android Studio\jre\bin\verify.dll
0x00007ffb19460000 - 0x00007ffb1964d000 	C:\Windows\SYSTEM32\DBGHELP.DLL
0x00007ffb19430000 - 0x00007ffb1945a000 	C:\Windows\SYSTEM32\dbgcore.DLL
0x00007ffb163a0000 - 0x00007ffb163c9000 	C:\Program Files\Android\Android Studio\jre\bin\java.dll
0x00007ffb190e0000 - 0x00007ffb190eb000 	C:\Program Files\Android\Android Studio\jre\bin\jimage.dll
0x00007ffb16fe0000 - 0x00007ffb16ff8000 	C:\Program Files\Android\Android Studio\jre\bin\zip.dll
0x00007ffb204f0000 - 0x00007ffb219e9000 	C:\Windows\System32\SHELL32.dll
0x00007ffb1f3d0000 - 0x00007ffb1f478000 	C:\Windows\System32\shcore.dll
0x00007ffb1e910000 - 0x00007ffb1f05b000 	C:\Windows\System32\windows.storage.dll
0x00007ffb1e040000 - 0x00007ffb1e064000 	C:\Windows\System32\profapi.dll
0x00007ffb1e070000 - 0x00007ffb1e0cd000 	C:\Windows\System32\powrprof.dll
0x00007ffb1f580000 - 0x00007ffb1f5d2000 	C:\Windows\System32\shlwapi.dll
0x00007ffb1e8f0000 - 0x00007ffb1e907000 	C:\Windows\System32\cryptsp.dll
0x00007ffb16380000 - 0x00007ffb1639a000 	C:\Program Files\Android\Android Studio\jre\bin\net.dll
0x00007ffb16960000 - 0x00007ffb16a5b000 	C:\Windows\SYSTEM32\WINHTTP.dll
0x00007ffb1d800000 - 0x00007ffb1d867000 	C:\Windows\system32\mswsock.dll
0x00007ffb0d660000 - 0x00007ffb0d674000 	C:\Program Files\Android\Android Studio\jre\bin\nio.dll
0x00007ffb173b0000 - 0x00007ffb173d7000 	C:\Users\SYFLEX TECHO SOLUTIO\.gradle\native\e1d6ef7f7dcc3fd88c89a11ec53ec762bb8ba0a96d01ffa2cd45eb1d1d8dd5c5\windows-amd64\native-platform.dll
0x00007ffb0c850000 - 0x00007ffb0c994000 	C:\Users\SYFLEX TECHO SOLUTIO\.gradle\native\5664cfc778a61ccfe75a443a1ab52a65af34e5dc3c78e0209fed803814484fcb\windows-amd64\native-platform-file-events.dll
0x00007ffb18f50000 - 0x00007ffb18f5a000 	C:\Program Files\Android\Android Studio\jre\bin\management.dll
0x00007ffb18bc0000 - 0x00007ffb18bcd000 	C:\Program Files\Android\Android Studio\jre\bin\management_ext.dll
0x00007ffb1d390000 - 0x00007ffb1d3c3000 	C:\Windows\system32\rsaenh.dll
0x00007ffb1e8c0000 - 0x00007ffb1e8e6000 	C:\Windows\System32\bcrypt.dll
0x00007ffb1df50000 - 0x00007ffb1df79000 	C:\Windows\SYSTEM32\USERENV.dll
0x00007ffb1d9d0000 - 0x00007ffb1d9dc000 	C:\Windows\SYSTEM32\CRYPTBASE.dll
0x00007ffb1d520000 - 0x00007ffb1d55d000 	C:\Windows\SYSTEM32\IPHLPAPI.DLL
0x00007ffb203b0000 - 0x00007ffb203b8000 	C:\Windows\System32\NSI.dll
0x00007ffb18fa0000 - 0x00007ffb18fb6000 	C:\Windows\SYSTEM32\dhcpcsvc6.DLL
0x00007ffb196e0000 - 0x00007ffb196fc000 	C:\Windows\SYSTEM32\dhcpcsvc.DLL
0x00007ffb1d560000 - 0x00007ffb1d626000 	C:\Windows\SYSTEM32\DNSAPI.dll

dbghelp: loaded successfully - version: 4.0.5 - missing functions: none
symbol engine: initialized successfully - sym options: 0x614 - pdb path: .;C:\Program Files\Android\Android Studio\jre\bin;C:\Windows\SYSTEM32;C:\Windows\WinSxS\amd64_microsoft.windows.common-controls_6595b64144ccf1df_6.0.17763.1935_none_de70702c534c0c76;C:\Program Files\Android\Android Studio\jre\bin\server;C:\Users\SYFLEX TECHO SOLUTIO\.gradle\native\e1d6ef7f7dcc3fd88c89a11ec53ec762bb8ba0a96d01ffa2cd45eb1d1d8dd5c5\windows-amd64;C:\Users\SYFLEX TECHO SOLUTIO\.gradle\native\5664cfc778a61ccfe75a443a1ab52a65af34e5dc3c78e0209fed803814484fcb\windows-amd64

VM Arguments:
jvm_args: --add-opens=java.base/java.util=ALL-UNNAMED --add-opens=java.base/java.lang=ALL-UNNAMED --add-opens=java.base/java.lang.invoke=ALL-UNNAMED --add-opens=java.base/java.util=ALL-UNNAMED --add-opens=java.prefs/java.util.prefs=ALL-UNNAMED --add-opens=java.prefs/java.util.prefs=ALL-UNNAMED --add-opens=java.base/java.nio.charset=ALL-UNNAMED --add-opens=java.base/java.net=ALL-UNNAMED --add-opens=java.base/java.util.concurrent.atomic=ALL-UNNAMED -Xmx2048m -Dfile.encoding=UTF-8 -Duser.country=US -Duser.language=en -Duser.variant 
java_command: org.gradle.launcher.daemon.bootstrap.GradleDaemon 7.2
java_class_path (initial): C:\Users\SYFLEX TECHO SOLUTIO\.gradle\wrapper\dists\gradle-7.2-bin\2dnblmf4td7x66yl1d74lt32g\gradle-7.2\lib\gradle-launcher-7.2.jar
Launcher Type: SUN_STANDARD

[Global flags]
     intx CICompilerCount                          = 3                                         {product} {ergonomic}
     uint ConcGCThreads                            = 1                                         {product} {ergonomic}
     uint G1ConcRefinementThreads                  = 4                                         {product} {ergonomic}
   size_t G1HeapRegionSize                         = 1048576                                   {product} {ergonomic}
    uintx GCDrainStackTargetSize                   = 64                                        {product} {ergonomic}
   size_t InitialHeapSize                          = 132120576                                 {product} {ergonomic}
   size_t MarkStackSize                            = 4194304                                   {product} {ergonomic}
   size_t MaxHeapSize                              = 2147483648                                {product} {command line}
   size_t MaxNewSize                               = 1287651328                                {product} {ergonomic}
   size_t MinHeapDeltaBytes                        = 1048576                                   {product} {ergonomic}
    uintx NonNMethodCodeHeapSize                   = 5830732                                {pd product} {ergonomic}
    uintx NonProfiledCodeHeapSize                  = 122913754                              {pd product} {ergonomic}
    uintx ProfiledCodeHeapSize                     = 122913754                              {pd product} {ergonomic}
    uintx ReservedCodeCacheSize                    = 251658240                              {pd product} {ergonomic}
     bool SegmentedCodeCache                       = true                                      {product} {ergonomic}
     bool UseCompressedClassPointers               = true                                 {lp64_product} {ergonomic}
     bool UseCompressedOops                        = true                                 {lp64_product} {ergonomic}
     bool UseG1GC                                  = true                                      {product} {ergonomic}
     bool UseLargePagesIndividualAllocation        = false                                  {pd product} {ergonomic}

Logging:
Log output configuration:
 #0: stdout all=warning uptime,level,tags
 #1: stderr all=off uptime,level,tags

Environment Variables:
PATH=C:\Program Files\Java\jdk1.8.0_192\bin;C:\Program Files (x86)\Common Files\Oracle\Java\javapath;C:\Program Files\Java\jdk1.8.0_192\bin;C:\Windows\system32;C:\Windows;C:\Windows\System32\Wbem;C:\Windows\System32\WindowsPowerShell\v1.0\;C:\Windows\System32\OpenSSH\;C:\Program Files\Git\cmd;C:\Users\SYFLEX TECHO SOLUTIO\AppData\Local\Microsoft\WindowsApps;
USERNAME=SYFLEX TECHO SOLUTIO
OS=Windows_NT
PROCESSOR_IDENTIFIER=Intel64 Family 6 Model 42 Stepping 7, GenuineIntel



---------------  S Y S T E M  ---------------

OS: Windows 10 , 64 bit Build 17763 (10.0.17763.1879)
OS uptime: 1 days 21:08 hours

CPU:total 4 (initial active 4) (2 cores per cpu, 2 threads per core) family 6 model 42 stepping 7 microcode 0x2e, cmov, cx8, fxsr, mmx, sse, sse2, sse3, ssse3, sse4.1, sse4.2, popcnt, avx, clmul, ht, tsc, tscinvbit

Memory: 4k page, system-wide physical 8040M (1748M free)
TotalPageFile size 9960M (AvailPageFile size 2627M)
current process WorkingSet (physical memory assigned to process): 517M, peak: 517M
current process commit charge ("private bytes"): 634M, peak: 634M

vm_info: OpenJDK 64-Bit Server VM (11.0.11+9-b60-7590822) for windows-amd64 JRE (11.0.11+9-b60-7590822), built on Jul 29 2021 21:43:44 by "builder" with MS VC++ 14.0 (VS2015)

END.
